2019-05-25 14:04:32 INFO  DriverManager:17 - New driver instantiated
2019-05-25 14:04:37 INFO  DriverManager:17 - New driver instantiated
2019-05-25 14:04:37 INFO  DriverManager:17 - New driver instantiated
2019-05-25 14:04:37 INFO  DriverManager:17 - New driver instantiated
2019-05-25 14:04:37 INFO  DriverManager:17 - New driver instantiated
2019-05-25 14:04:39 INFO  SendMessage:107 - This Step open the ChromeDriver and launch the application.
2019-05-25 14:04:39 INFO  SendMessage:88 - This step enter the email sofdatc@gmail.comon the login page.
2019-05-25 14:04:40 INFO  DriverManager:17 - New driver instantiated
2019-05-25 16:07:27 INFO  DriverManager:17 - New driver instantiated
2019-05-25 16:07:31 INFO  DriverManager:17 - New driver instantiated
2019-05-25 16:07:31 INFO  DriverManager:17 - New driver instantiated
2019-05-25 16:07:31 INFO  DriverManager:17 - New driver instantiated
2019-05-25 16:07:31 INFO  DriverManager:17 - New driver instantiated
2019-05-25 16:07:33 INFO  SendMessage:107 - This Step open the ChromeDriver and launch the application.
2019-05-25 16:10:40 INFO  DriverManager:17 - New driver instantiated
2019-05-25 16:10:44 INFO  DriverManager:17 - New driver instantiated
2019-05-25 16:10:44 INFO  DriverManager:17 - New driver instantiated
2019-05-25 16:10:44 INFO  DriverManager:17 - New driver instantiated
2019-05-25 16:10:44 INFO  DriverManager:17 - New driver instantiated
2019-05-25 16:10:47 INFO  SendMessage:107 - This Step open the ChromeDriver and launch the application.
2019-05-25 16:10:47 INFO  SendMessage:88 - This step enter the email sofdatc@gmail.comon the login page.
2019-05-25 16:10:47 INFO  DriverManager:17 - New driver instantiated
2019-05-25 20:20:18 INFO  DriverManager:17 - New driver instantiated
2019-05-25 20:20:22 INFO  DriverManager:17 - New driver instantiated
2019-05-25 20:20:22 INFO  DriverManager:17 - New driver instantiated
2019-05-25 20:20:22 INFO  DriverManager:17 - New driver instantiated
2019-05-25 20:20:22 INFO  DriverManager:17 - New driver instantiated
2019-05-25 20:20:24 INFO  SendMessage:92 - This Step open the ChromeDriver and launch the application.
2019-05-25 20:20:24 INFO  AutorizationBO:18 - User enter emailsofdatc@gmail.com in the login text box
2019-05-25 20:29:30 INFO  DriverManager:17 - New driver instantiated
2019-05-25 20:29:34 INFO  DriverManager:17 - New driver instantiated
2019-05-25 20:29:34 INFO  DriverManager:17 - New driver instantiated
2019-05-25 20:29:34 INFO  DriverManager:17 - New driver instantiated
2019-05-25 20:29:34 INFO  SendMessage:91 - This Step open the ChromeDriver and launch the application.
2019-05-25 20:29:34 INFO  AutorizationBO:18 - User enter emailsofdatc@gmail.com in the login text box
2019-05-25 20:32:52 INFO  DriverManager:17 - New driver instantiated
2019-05-25 20:32:56 INFO  DriverManager:17 - New driver instantiated
2019-05-25 20:32:56 INFO  DriverManager:17 - New driver instantiated
2019-05-25 20:32:56 INFO  DriverManager:17 - New driver instantiated
2019-05-25 20:32:56 INFO  SendMessage:91 - This Step open the ChromeDriver and launch the application.
2019-05-25 20:32:56 INFO  AutorizationBO:18 - User enter emailsofdatc@gmail.com in the login text box
2019-05-25 20:34:41 INFO  DriverManager:17 - New driver instantiated
2019-05-25 20:34:45 INFO  DriverManager:17 - New driver instantiated
2019-05-25 20:34:46 INFO  DriverManager:17 - New driver instantiated
2019-05-25 20:34:46 INFO  DriverManager:17 - New driver instantiated
2019-05-25 20:34:46 INFO  SendMessage:91 - This Step open the ChromeDriver and launch the application.
2019-05-25 20:34:46 INFO  AutorizationBO:18 - User enter emailsofdatc@gmail.com in the login text box
2019-05-25 20:43:38 INFO  DriverManager:17 - New driver instantiated
2019-05-25 20:43:42 INFO  DriverManager:17 - New driver instantiated
2019-05-25 20:43:42 INFO  DriverManager:17 - New driver instantiated
2019-05-25 20:43:42 INFO  DriverManager:17 - New driver instantiated
2019-05-25 20:43:42 INFO  SendMessage:91 - This Step open the ChromeDriver and launch the application.
2019-05-25 20:43:42 INFO  AutorizationBO:18 - User enter emailsofdatc@gmail.com in the login text box
2019-05-25 20:45:07 INFO  DriverManager:17 - New driver instantiated
2019-05-25 20:45:11 INFO  DriverManager:17 - New driver instantiated
2019-05-25 20:45:11 INFO  DriverManager:17 - New driver instantiated
2019-05-25 20:45:11 INFO  DriverManager:17 - New driver instantiated
2019-05-25 20:45:11 INFO  SendMessage:91 - This Step open the ChromeDriver and launch the application.
2019-05-25 20:45:11 INFO  AutorizationBO:18 - User enter emailsofdatc@gmail.com in the login text box
2019-05-25 20:45:41 INFO  DriverManager:17 - New driver instantiated
2019-05-25 20:45:45 INFO  DriverManager:17 - New driver instantiated
2019-05-25 20:45:45 INFO  DriverManager:17 - New driver instantiated
2019-05-25 20:45:45 INFO  DriverManager:17 - New driver instantiated
2019-05-25 20:45:45 INFO  SendMessage:105 - This Step open the ChromeDriver and launch the application.
2019-05-25 20:45:45 INFO  AutorizationBO:18 - User enter emailsofdatc@gmail.com in the login text box
2019-05-25 20:46:36 INFO  DriverManager:17 - New driver instantiated
2019-05-25 20:46:40 INFO  DriverManager:17 - New driver instantiated
2019-05-25 20:46:40 INFO  DriverManager:17 - New driver instantiated
2019-05-25 20:46:40 INFO  DriverManager:17 - New driver instantiated
2019-05-25 20:46:40 INFO  DriverManager:17 - New driver instantiated
2019-05-25 20:46:42 INFO  SendMessage:105 - This Step open the ChromeDriver and launch the application.
2019-05-25 20:46:42 INFO  AutorizationBO:18 - User enter emailsofdatc@gmail.com in the login text box
2019-05-25 20:46:42 INFO  DriverManager:17 - New driver instantiated
2019-05-25 20:47:17 INFO  DriverManager:17 - New driver instantiated
2019-05-25 20:47:21 INFO  DriverManager:17 - New driver instantiated
2019-05-25 20:47:21 INFO  DriverManager:17 - New driver instantiated
2019-05-25 20:47:21 INFO  DriverManager:17 - New driver instantiated
2019-05-25 20:47:21 INFO  SendMessage:96 - This Step open the ChromeDriver and launch the application.
2019-05-25 20:47:21 INFO  AutorizationBO:18 - User enter emailsofdatc@gmail.com in the login text box
2019-05-25 21:04:12 INFO  DriverManager:17 - New driver instantiated
2019-05-25 21:04:19 INFO  DriverManager:17 - New driver instantiated
2019-05-25 21:04:19 INFO  DriverManager:17 - New driver instantiated
2019-05-25 21:04:19 INFO  DriverManager:17 - New driver instantiated
2019-05-25 21:04:19 INFO  DriverManager:17 - New driver instantiated
2019-05-25 21:04:19 INFO  SendMessage:93 - This Step open the ChromeDriver and launch the application.
2019-05-25 21:04:19 INFO  AutorizationBO:18 - User enter emailsofdatc@gmail.com in the login text box
2019-05-25 21:04:19 INFO  DriverManager:17 - New driver instantiated
2019-05-25 21:28:39 INFO  DriverManager:17 - New driver instantiated
2019-05-25 21:28:45 INFO  DriverManager:17 - New driver instantiated
2019-05-25 21:28:45 INFO  DriverManager:17 - New driver instantiated
2019-05-25 21:28:45 INFO  DriverManager:17 - New driver instantiated
2019-05-25 21:28:45 INFO  DriverManager:17 - New driver instantiated
2019-05-25 21:28:45 INFO  SendMessage:88 - This Step open the ChromeDriver and launch the application.
2019-05-25 21:28:45 INFO  AutorizationBO:18 - User enter emailsofdatc@gmail.com in the login text box
2019-05-25 21:28:45 INFO  DriverManager:17 - New driver instantiated
2019-05-25 21:28:58 INFO  AutorizationBO:24 - Password enter password88wdxterqwin the Password text box
2019-05-25 21:28:59 INFO  DriverManager:17 - New driver instantiated
2019-05-25 21:39:20 INFO  DriverManager:17 - New driver instantiated
2019-05-25 21:39:27 INFO  ServiceHooks:19 - Browser closed
2019-05-26 07:46:22 INFO  DriverManager:17 - New driver instantiated
2019-05-26 07:46:29 INFO  DriverManager:17 - New driver instantiated
2019-05-26 07:46:29 INFO  DriverManager:17 - New driver instantiated
2019-05-26 07:46:29 INFO  DriverManager:17 - New driver instantiated
2019-05-26 07:46:29 INFO  DriverManager:17 - New driver instantiated
2019-05-26 07:46:29 INFO  DriverManager:17 - New driver instantiated
2019-05-26 07:46:29 INFO  AutorizationBO:18 - User enter emailsofdatc@gmail.com in the login text box
2019-05-26 07:46:30 INFO  DriverManager:17 - New driver instantiated
2019-05-26 07:46:42 INFO  AutorizationBO:24 - Password enter password88wdxterqwin the Password text box
2019-05-26 07:46:42 INFO  DriverManager:17 - New driver instantiated
2019-05-26 07:48:49 INFO  ServiceHooks:19 - Browser closed
2019-05-26 07:51:43 INFO  AutorizationBO:18 - User enter emailsofdatc@gmail.com in the login text box
2019-05-26 07:51:44 INFO  AutorizationBO:24 - Password enter password88wdxterqwin the Password text box
2019-05-26 08:09:43 INFO  AutorizationBO:18 - User enter emailtest3mailSelenium@gmail.com in the login text box
2019-05-26 08:09:45 INFO  AutorizationBO:24 - Password enter passwordDriverManagerin the Password text box
2019-05-26 08:10:23 INFO  AutorizationBO:24 - User click compose button
2019-05-26 08:10:27 INFO  AutorizationBO:24 - User click compose button
2019-05-26 08:10:28 INFO  AutorizationBO:11 - User create new messages
2019-05-26 08:10:30 INFO  ServiceHooks:19 - Browser closed
2019-05-26 08:11:18 INFO  AutorizationBO:18 - User enter emailtest3mailSelenium@gmail.com in the login text box
2019-05-26 08:11:20 INFO  AutorizationBO:24 - Password enter passwordDriverManagerin the Password text box
2019-05-26 08:11:30 INFO  AutorizationBO:24 - User click compose button
2019-05-26 08:11:30 INFO  AutorizationBO:11 - User create new messages
2019-05-26 08:11:33 INFO  ServiceHooks:19 - Browser closed
2019-05-26 08:25:58 INFO  AutorizationBO:18 - User enter emailtest3mailSelenium@gmail.com in the login text box
2019-05-26 08:26:00 INFO  AutorizationBO:24 - Password enter passwordDriverManagerin the Password text box
2019-05-26 08:26:10 INFO  AutorizationBO:24 - User click compose button
2019-05-26 08:26:22 INFO  AutorizationBO:11 - User create new messages
2019-05-26 08:26:27 INFO  AutorizationBO:11 - User create new messages
2019-05-26 08:27:09 INFO  ServiceHooks:19 - Browser closed
2019-05-26 08:29:00 INFO  AutorizationBO:18 - User enter emailtest3mailSelenium@gmail.com in the login text box
2019-05-26 08:29:02 INFO  AutorizationBO:24 - Password enter passwordDriverManagerin the Password text box
2019-05-26 08:29:11 INFO  AutorizationBO:24 - User click compose button
2019-05-26 08:29:28 INFO  AutorizationBO:11 - User create new messages
2019-05-26 08:30:43 INFO  ServiceHooks:19 - Browser closed
2019-05-26 08:32:55 INFO  AutorizationBO:18 - User enter emailtest3mailSelenium@gmail.com in the login text box
2019-05-26 08:32:57 INFO  AutorizationBO:24 - Password enter passwordDriverManagerin the Password text box
2019-05-26 08:33:06 INFO  AutorizationBO:25 - User click compose button
2019-05-26 08:33:07 INFO  AutorizationBO:11 - User create new messages
2019-05-26 08:33:08 INFO  AutorizationBO:17 - Message was sent
2019-05-26 08:33:09 INFO  ServiceHooks:19 - Browser closed
2019-05-26 08:48:00 INFO  SendMessage:93 - This step enter the password 88wdxterqwon the password field .
2019-05-26 08:48:02 INFO  SendMessage:81 - This step enter the password 88wdxterqwon the password field .
2019-05-26 08:48:04 INFO  AutorizationBO:24 - Password enter password88wdxterqwin the Password text box
2019-05-26 08:48:07 INFO  SendMessage:30 - Browser closed
2019-05-26 08:48:09 INFO  SendMessage:93 - This Step open the ChromeDriver and launch the application.
2019-05-26 08:48:09 INFO  AutorizationBO:18 - User enter emailsofdatc@gmail.com in the login text box
2019-05-26 08:48:09 INFO  ServiceHooks:19 - Browser closed
2019-05-26 08:48:10 INFO  SendMessage:81 - This step enter the password 88wdxterqwon the password field .
2019-05-26 08:48:11 INFO  ServiceHooks:19 - Browser closed
2019-05-26 09:22:47 INFO  AutorizationBO:18 - User enter emailtest3mailSelenium@gmail.com in the login text box
2019-05-26 09:22:49 INFO  AutorizationBO:24 - Password enter passwordDriverManagerin the Password text box
2019-05-26 09:23:01 INFO  MarkAndDeleteImportantMessageBO:16 - 3 conversation marked as important
2019-05-26 09:23:03 INFO  MarkAndDeleteImportantMessageBO:24 - Messages was choosen
2019-05-26 09:23:03 INFO  MarkAndDeleteImportantMessageBO:29 - Conversations are deleted
2019-05-26 09:23:04 INFO  ServiceHooks:19 - Browser closed
2019-05-26 12:00:27 INFO  AutorizationBO:18 - User enter emailtest3mailSelenium@gmail.com in the login text box
2019-05-26 12:00:29 INFO  AutorizationBO:24 - Password enter passwordDriverManagerin the Password text box
2019-05-26 12:02:32 INFO  ServiceHooks:19 - Browser closed
2019-05-26 12:03:18 INFO  ServiceHooks:19 - Browser closed
2019-05-26 12:06:05 INFO  ServiceHooks:19 - Browser closed
2019-05-26 12:15:21 INFO  SendMessage:60 - This step enter the email test3mailSelenium@gmail.comon the login page.
2019-05-26 12:15:48 INFO  AutorizationBO:18 - User enter emailtest3mailSelenium@gmail.com in the login text box
2019-05-26 12:42:06 INFO  ServiceHooks:19 - Browser closed
2019-05-26 13:17:27 INFO  ServiceHooks:19 - Browser closed
2019-05-26 13:37:02 INFO  SendMessage:66 - User navigate to gmail home pageGmail
2019-05-26 13:37:02 INFO  SendMessage:78 - This step enter the email test3mailSelenium@gmail.comon the login page.
2019-05-26 13:37:02 INFO  AutorizationBO:18 - User enter emailtest3mailSelenium@gmail.com in the login text box
2019-05-26 13:37:08 INFO  SendMessage:54 - User enter correct email
2019-05-26 13:37:08 INFO  SendMessage:60 - User enter passwordDriverManagerin password text box
2019-05-26 13:37:08 INFO  AutorizationBO:24 - Password enter passwordDriverManagerin the Password text box
2019-05-26 13:37:44 INFO  SendMessage:22 - User enter correct data
2019-05-26 13:37:44 INFO  ServiceHooks:19 - Browser closed
2019-05-26 16:04:36 INFO  SendMessage:66 - User navigate to gmail home pageGmail
2019-05-26 16:04:36 INFO  SendMessage:78 - This step enter the email test3mailSelenium@gmail.comon the login page.
2019-05-26 16:04:36 INFO  AutorizationBO:18 - User enter emailtest3mailSelenium@gmail.com in the login text box
2019-05-26 16:04:38 INFO  SendMessage:54 - User enter correct email
2019-05-26 16:04:38 INFO  SendMessage:60 - User enter passwordDriverManagerin password text box
2019-05-26 16:04:38 INFO  AutorizationBO:24 - Password enter passwordDriverManagerin the Password text box
2019-05-26 16:04:56 INFO  SendMessage:22 - User enter correct data
2019-05-26 16:05:19 INFO  SendMessage:16 - User mark3message as important
2019-05-26 16:05:21 INFO  MarkAndDeleteImportantMessageBO:16 - 3 conversation marked as important
2019-05-26 16:05:21 INFO  SendMessage:22 - Conversations successfuly mark as important
2019-05-26 16:05:21 INFO  SendMessage:34 - User navigate to important page
2019-05-26 16:05:23 INFO  SendMessage:28 - Choose 3important message
2019-05-26 16:05:23 INFO  MarkAndDeleteImportantMessageBO:24 - Messages was choosen
2019-05-26 16:05:23 INFO  SendMessage:40 - Messages was deleted
2019-05-26 16:05:23 INFO  MarkAndDeleteImportantMessageBO:29 - Conversations are deleted
2019-05-26 16:05:24 INFO  ServiceHooks:19 - Browser closed
2019-05-26 16:09:01 INFO  SendMessage:66 - User navigate to gmail home pageGmail
2019-05-26 16:09:01 INFO  SendMessage:78 - This step enter the email test3mailSelenium@gmail.comon the login page.
2019-05-26 16:09:01 INFO  AutorizationBO:18 - User enter emailtest3mailSelenium@gmail.com in the login text box
2019-05-26 16:09:03 INFO  SendMessage:54 - User enter correct email
2019-05-26 16:09:04 INFO  ServiceHooks:19 - Browser closed
2019-05-26 16:11:06 INFO  SendMessage:66 - User navigate to gmail home pageGmail
2019-05-26 16:11:06 INFO  SendMessage:78 - This step enter the email test3mailSelenium@gmail.comon the login page.
2019-05-26 16:11:06 INFO  AutorizationBO:18 - User enter emailtest3mailSelenium@gmail.com in the login text box
2019-05-26 16:11:08 INFO  SendMessage:54 - User enter correct email
2019-05-26 16:11:09 INFO  ServiceHooks:19 - Browser closed
2019-05-26 16:12:31 INFO  SendMessage:66 - User navigate to gmail home pageGmail
2019-05-26 16:12:31 INFO  SendMessage:78 - This step enter the email test3mailSelenium@gmail.comon the login page.
2019-05-26 16:12:31 INFO  AutorizationBO:18 - User enter emailtest3mailSelenium@gmail.com in the login text box
2019-05-26 16:12:32 INFO  SendMessage:54 - User enter correct email
2019-05-26 16:12:33 INFO  ServiceHooks:19 - Browser closed
2019-05-26 16:13:33 INFO  SendMessage:66 - User navigate to gmail home pageGmail
2019-05-26 16:13:33 INFO  SendMessage:78 - This step enter the email test3mailSelenium@gmail.comon the login page.
2019-05-26 16:13:33 INFO  AutorizationBO:18 - User enter emailtest3mailSelenium@gmail.com in the login text box
2019-05-26 16:13:34 INFO  SendMessage:54 - User enter correct email
2019-05-26 16:13:35 INFO  ServiceHooks:19 - Browser closed
2019-05-26 16:14:18 INFO  SendMessage:66 - User navigate to gmail home pageGmail
2019-05-26 16:14:18 INFO  SendMessage:78 - This step enter the email test3mailSelenium@gmail.comon the login page.
2019-05-26 16:14:18 INFO  AutorizationBO:18 - User enter emailtest3mailSelenium@gmail.com in the login text box
2019-05-26 16:14:20 INFO  SendMessage:54 - User enter correct email
2019-05-26 16:14:20 INFO  SendMessage:60 - User enter passwordDriverManagerin password text box
2019-05-26 16:14:20 INFO  AutorizationBO:24 - Password enter passwordDriverManagerin the Password text box
2019-05-26 16:14:32 INFO  SendMessage:22 - User enter correct data
2019-05-26 16:15:27 INFO  SendMessage:66 - User navigate to gmail home pageGmail
2019-05-26 16:15:27 INFO  SendMessage:78 - This step enter the email test3mailSelenium@gmail.comon the login page.
2019-05-26 16:15:27 INFO  AutorizationBO:18 - User enter emailtest3mailSelenium@gmail.com in the login text box
2019-05-26 16:15:29 INFO  SendMessage:54 - User enter correct email
2019-05-26 16:15:30 INFO  ServiceHooks:19 - Browser closed
2019-05-26 17:30:06 INFO  SendMessage:66 - User navigate to gmail home pageGmail
2019-05-26 17:30:06 INFO  SendMessage:78 - This step enter the email test3mailSelenium@gmail.comon the login page.
2019-05-26 17:30:06 INFO  AutorizationBO:18 - User enter emailtest3mailSelenium@gmail.com in the login text box
2019-05-26 17:30:08 INFO  SendMessage:54 - User enter correct email
2019-05-26 17:30:08 INFO  SendMessage:60 - User enter passwordDriverManagerin password text box
2019-05-26 17:30:08 INFO  AutorizationBO:24 - Password enter passwordDriverManagerin the Password text box
2019-05-26 17:30:18 INFO  SendMessage:22 - User enter correct data
2019-05-26 17:30:47 INFO  SendMessage:16 - User mark3message as important
2019-05-26 17:30:48 INFO  MarkAndDeleteImportantMessageBO:16 - 3 conversation marked as important
2019-05-26 17:30:48 INFO  SendMessage:22 - Conversations successfuly mark as important
2019-05-26 17:32:08 ERROR GmailHomePage:96 - Test failed
2019-05-30 18:07:33 INFO  DriverManager:23 - New driver instantiated
2019-05-30 18:07:33 INFO  DriverManager:23 - New driver instantiated
2019-05-30 18:07:33 INFO  DriverManager:23 - New driver instantiated
2019-05-30 18:07:33 INFO  DriverManager:23 - New driver instantiated
2019-05-30 18:07:33 INFO  DriverManager:23 - New driver instantiated
2019-05-30 18:07:49 INFO  FunctionalTest:20 - Web application launched
2019-05-30 18:07:49 INFO  DriverManager:23 - New driver instantiated
2019-05-30 18:07:49 INFO  FunctionalTest:20 - Web application launched
2019-05-30 18:07:49 INFO  DriverManager:23 - New driver instantiated
2019-05-30 18:07:49 INFO  DriverManager:23 - New driver instantiated
2019-05-30 18:07:49 INFO  DriverManager:23 - New driver instantiated
2019-05-30 18:07:49 INFO  DriverManager:23 - New driver instantiated
2019-05-30 18:07:49 INFO  DriverManager:23 - New driver instantiated
2019-05-30 18:07:49 INFO  FunctionalTest:20 - Web application launched
2019-05-30 18:07:49 INFO  DriverManager:23 - New driver instantiated
2019-05-30 18:07:49 INFO  DriverManager:23 - New driver instantiated
2019-05-30 18:07:49 INFO  DriverManager:23 - New driver instantiated
2019-05-30 18:07:49 INFO  DriverManager:23 - New driver instantiated
2019-05-30 18:07:49 INFO  DriverManager:23 - New driver instantiated
2019-05-30 18:07:49 INFO  DriverManager:23 - New driver instantiated
2019-05-30 18:07:49 INFO  DriverManager:23 - New driver instantiated
2019-05-30 18:07:49 INFO  DriverManager:23 - New driver instantiated
2019-05-30 18:07:49 INFO  DriverManager:23 - New driver instantiated
2019-05-30 18:07:49 INFO  FunctionalTest:20 - Web application launched
2019-05-30 18:07:49 INFO  DriverManager:23 - New driver instantiated
2019-05-30 18:07:49 INFO  DriverManager:23 - New driver instantiated
2019-05-30 18:07:49 INFO  DriverManager:23 - New driver instantiated
2019-05-30 18:07:49 INFO  DriverManager:23 - New driver instantiated
2019-05-30 18:07:49 INFO  DriverManager:23 - New driver instantiated
2019-05-30 18:07:49 INFO  DriverManager:23 - New driver instantiated
2019-05-30 18:07:49 INFO  DriverManager:23 - New driver instantiated
2019-05-30 18:07:49 INFO  DriverManager:23 - New driver instantiated
2019-05-30 18:07:49 INFO  DriverManager:23 - New driver instantiated
2019-05-30 18:07:49 INFO  AutorizationBO:12 - User enter emailmail3seleniumtest@gmail.com in the login text box
2019-05-30 18:07:49 INFO  DriverManager:23 - New driver instantiated
2019-05-30 18:07:49 INFO  DriverManager:23 - New driver instantiated
2019-05-30 18:07:49 INFO  DriverManager:23 - New driver instantiated
2019-05-30 18:07:49 INFO  AutorizationBO:12 - User enter emailtest5mailselenium@gmail.com in the login text box
2019-05-30 18:07:49 INFO  AutorizationBO:12 - User enter emailtest1mailselenium@gmail.com in the login text box
2019-05-30 18:07:49 INFO  DriverManager:23 - New driver instantiated
2019-05-30 18:07:49 INFO  AutorizationBO:12 - User enter emailtest2mailselenium@gmail.com in the login text box
2019-05-30 18:07:49 INFO  FunctionalTest:20 - Web application launched
2019-05-30 18:07:49 INFO  DriverManager:23 - New driver instantiated
2019-05-30 18:07:49 INFO  DriverManager:23 - New driver instantiated
2019-05-30 18:07:49 INFO  DriverManager:23 - New driver instantiated
2019-05-30 18:07:49 INFO  DriverManager:23 - New driver instantiated
2019-05-30 18:07:49 INFO  DriverManager:23 - New driver instantiated
2019-05-30 18:07:49 INFO  DriverManager:23 - New driver instantiated
2019-05-30 18:07:49 INFO  DriverManager:23 - New driver instantiated
2019-05-30 18:07:49 INFO  AutorizationBO:12 - User enter emailtest3mailSelenium@gmail.com in the login text box
2019-05-30 18:07:50 INFO  DriverManager:23 - New driver instantiated
2019-05-30 18:07:51 INFO  DriverManager:23 - New driver instantiated
2019-05-30 18:07:51 INFO  DriverManager:23 - New driver instantiated
2019-05-30 18:07:51 INFO  DriverManager:23 - New driver instantiated
2019-05-30 18:07:51 INFO  DriverManager:23 - New driver instantiated
2019-05-30 18:07:53 INFO  AutorizationBO:18 - Password enter passwordqwerty123QWERin the Password text box
2019-05-30 18:07:53 INFO  AutorizationBO:18 - Password enter passwordDriverManagerin the Password text box
2019-05-30 18:07:53 INFO  AutorizationBO:18 - Password enter passwordqwerty123QWERin the Password text box
2019-05-30 18:07:53 INFO  AutorizationBO:18 - Password enter passwordqwerty123QWERin the Password text box
2019-05-30 18:07:54 INFO  DriverManager:23 - New driver instantiated
2019-05-30 18:07:54 INFO  DriverManager:23 - New driver instantiated
2019-05-30 18:07:54 INFO  DriverManager:23 - New driver instantiated
2019-05-30 18:07:54 INFO  AutorizationBO:18 - Password enter passwordqwerty123QWERin the Password text box
2019-05-30 18:07:55 INFO  DriverManager:23 - New driver instantiated
2019-05-30 18:07:57 INFO  DriverManager:23 - New driver instantiated
2019-05-30 18:08:08 INFO  MarkAndDeleteImportantMessageBO:46 - 3 conversation marked as important
2019-05-30 18:08:08 INFO  DriverManager:23 - New driver instantiated
2019-05-30 18:08:13 INFO  MarkAndDeleteImportantMessageBO:46 - 3 conversation marked as important
2019-05-30 18:08:13 INFO  DriverManager:23 - New driver instantiated
2019-05-30 18:08:20 INFO  MarkAndDeleteImportantMessageBO:46 - 3 conversation marked as important
2019-05-30 18:08:20 INFO  DriverManager:23 - New driver instantiated
2019-05-30 18:08:22 INFO  FunctionalTest:27 - Browser closed
2019-05-30 18:08:22 INFO  MarkAndDeleteImportantMessageBO:46 - 3 conversation marked as important
2019-05-30 18:08:22 INFO  DriverManager:23 - New driver instantiated
2019-05-30 18:08:22 INFO  FunctionalTest:27 - Browser closed
2019-05-30 18:08:22 INFO  DriverManager:23 - New driver instantiated
2019-05-30 18:08:23 INFO  DriverManager:23 - New driver instantiated
2019-05-30 18:08:25 INFO  MarkAndDeleteImportantMessageBO:51 - Messages was choosen
2019-05-30 18:08:25 INFO  MarkAndDeleteImportantMessageBO:53 - Conversations are deleted
2019-05-30 18:08:25 INFO  DriverManager:23 - New driver instantiated
2019-05-30 18:08:25 INFO  DriverManager:23 - New driver instantiated
2019-05-30 18:08:26 INFO  FunctionalTest:27 - Browser closed
2019-05-30 18:08:40 INFO  DriverManager:23 - New driver instantiated
2019-05-30 18:08:40 INFO  DriverManager:23 - New driver instantiated
2019-05-30 18:08:41 INFO  MarkAndDeleteImportantMessageBO:51 - Messages was choosen
2019-05-30 18:08:41 INFO  MarkAndDeleteImportantMessageBO:53 - Conversations are deleted
2019-05-30 18:08:41 INFO  DriverManager:23 - New driver instantiated
2019-05-30 18:08:41 INFO  DriverManager:23 - New driver instantiated
2019-05-30 18:08:42 INFO  FunctionalTest:27 - Browser closed
2019-05-30 18:08:44 INFO  DriverManager:23 - New driver instantiated
2019-05-30 18:08:44 INFO  DriverManager:23 - New driver instantiated
2019-05-30 18:08:45 INFO  MarkAndDeleteImportantMessageBO:51 - Messages was choosen
2019-05-30 18:08:45 INFO  MarkAndDeleteImportantMessageBO:53 - Conversations are deleted
2019-05-30 18:08:45 INFO  DriverManager:23 - New driver instantiated
2019-05-30 18:08:45 INFO  DriverManager:23 - New driver instantiated
2019-05-30 18:08:46 INFO  FunctionalTest:27 - Browser closed
2019-05-30 18:10:46 INFO  DriverManager:23 - New driver instantiated
2019-05-30 18:10:46 INFO  DriverManager:23 - New driver instantiated
2019-05-30 18:10:46 INFO  DriverManager:23 - New driver instantiated
2019-05-30 18:10:53 INFO  FunctionalTest:20 - Web application launched
2019-05-30 18:10:53 INFO  DriverManager:23 - New driver instantiated
2019-05-30 18:10:53 INFO  DriverManager:23 - New driver instantiated
2019-05-30 18:10:53 INFO  DriverManager:23 - New driver instantiated
2019-05-30 18:10:53 INFO  DriverManager:23 - New driver instantiated
2019-05-30 18:10:53 INFO  DriverManager:23 - New driver instantiated
2019-05-30 18:10:53 INFO  DriverManager:23 - New driver instantiated
2019-05-30 18:10:53 INFO  DriverManager:23 - New driver instantiated
2019-05-30 18:10:53 INFO  AutorizationBO:12 - User enter emailtest1mailselenium@gmail.com in the login text box
2019-05-30 18:10:54 INFO  FunctionalTest:20 - Web application launched
2019-05-30 18:10:54 INFO  DriverManager:23 - New driver instantiated
2019-05-30 18:10:54 INFO  DriverManager:23 - New driver instantiated
2019-05-30 18:10:54 INFO  DriverManager:23 - New driver instantiated
2019-05-30 18:10:54 INFO  DriverManager:23 - New driver instantiated
2019-05-30 18:10:54 INFO  DriverManager:23 - New driver instantiated
2019-05-30 18:10:54 INFO  DriverManager:23 - New driver instantiated
2019-05-30 18:10:54 INFO  DriverManager:23 - New driver instantiated
2019-05-30 18:10:54 INFO  AutorizationBO:12 - User enter emailtest3mailSelenium@gmail.com in the login text box
2019-05-30 18:10:54 INFO  FunctionalTest:20 - Web application launched
2019-05-30 18:10:54 INFO  DriverManager:23 - New driver instantiated
2019-05-30 18:10:54 INFO  DriverManager:23 - New driver instantiated
2019-05-30 18:10:54 INFO  DriverManager:23 - New driver instantiated
2019-05-30 18:10:54 INFO  DriverManager:23 - New driver instantiated
2019-05-30 18:10:54 INFO  DriverManager:23 - New driver instantiated
2019-05-30 18:10:54 INFO  DriverManager:23 - New driver instantiated
2019-05-30 18:10:54 INFO  DriverManager:23 - New driver instantiated
2019-05-30 18:10:54 INFO  AutorizationBO:12 - User enter emailtest2mailselenium@gmail.com in the login text box
2019-05-30 18:10:55 INFO  DriverManager:23 - New driver instantiated
2019-05-30 18:10:55 INFO  DriverManager:23 - New driver instantiated
2019-05-30 18:10:55 INFO  DriverManager:23 - New driver instantiated
2019-05-30 18:10:56 INFO  AutorizationBO:18 - Password enter passwordqwerty123QWERin the Password text box
2019-05-30 18:10:56 INFO  AutorizationBO:18 - Password enter passwordDriverManagerin the Password text box
2019-05-30 18:10:56 INFO  DriverManager:23 - New driver instantiated
2019-05-30 18:10:56 INFO  DriverManager:23 - New driver instantiated
2019-05-30 18:10:56 INFO  AutorizationBO:18 - Password enter passwordqwerty123QWERin the Password text box
2019-05-30 18:10:57 INFO  DriverManager:23 - New driver instantiated
2019-05-30 18:11:13 INFO  MarkAndDeleteImportantMessageBO:46 - 3 conversation marked as important
2019-05-30 18:11:13 INFO  DriverManager:23 - New driver instantiated
2019-05-30 18:11:13 INFO  DriverManager:23 - New driver instantiated
2019-05-30 18:11:13 INFO  DriverManager:23 - New driver instantiated
2019-05-30 18:11:14 INFO  MarkAndDeleteImportantMessageBO:46 - 3 conversation marked as important
2019-05-30 18:11:14 INFO  DriverManager:23 - New driver instantiated
2019-05-30 18:11:14 INFO  DriverManager:23 - New driver instantiated
2019-05-30 18:11:14 INFO  DriverManager:23 - New driver instantiated
2019-05-30 18:11:15 INFO  MarkAndDeleteImportantMessageBO:51 - Messages was choosen
2019-05-30 18:11:15 INFO  MarkAndDeleteImportantMessageBO:53 - Conversations are deleted
2019-05-30 18:11:15 INFO  DriverManager:23 - New driver instantiated
2019-05-30 18:11:15 INFO  DriverManager:23 - New driver instantiated
2019-05-30 18:11:16 INFO  MarkAndDeleteImportantMessageBO:51 - Messages was choosen
2019-05-30 18:11:16 INFO  MarkAndDeleteImportantMessageBO:53 - Conversations are deleted
2019-05-30 18:11:16 INFO  DriverManager:23 - New driver instantiated
2019-05-30 18:11:16 INFO  FunctionalTest:27 - Browser closed
2019-05-30 18:11:16 INFO  DriverManager:23 - New driver instantiated
2019-05-30 18:11:17 INFO  FunctionalTest:27 - Browser closed
2019-05-30 18:11:26 INFO  MarkAndDeleteImportantMessageBO:46 - 3 conversation marked as important
2019-05-30 18:11:26 INFO  DriverManager:23 - New driver instantiated
2019-05-30 18:12:15 INFO  FunctionalTest:27 - Browser closed
2019-05-30 18:12:47 INFO  DriverManager:23 - New driver instantiated
2019-05-30 18:12:47 INFO  DriverManager:23 - New driver instantiated
2019-05-30 18:12:47 INFO  DriverManager:23 - New driver instantiated
2019-05-30 18:12:56 INFO  FunctionalTest:20 - Web application launched
2019-05-30 18:12:56 INFO  DriverManager:23 - New driver instantiated
2019-05-30 18:12:56 INFO  DriverManager:23 - New driver instantiated
2019-05-30 18:12:56 INFO  DriverManager:23 - New driver instantiated
2019-05-30 18:12:56 INFO  DriverManager:23 - New driver instantiated
2019-05-30 18:12:56 INFO  DriverManager:23 - New driver instantiated
2019-05-30 18:12:56 INFO  DriverManager:23 - New driver instantiated
2019-05-30 18:12:56 INFO  DriverManager:23 - New driver instantiated
2019-05-30 18:12:56 INFO  AutorizationBO:12 - User enter emailtest1mailselenium@gmail.com in the login text box
2019-05-30 18:12:56 INFO  FunctionalTest:20 - Web application launched
2019-05-30 18:12:56 INFO  DriverManager:23 - New driver instantiated
2019-05-30 18:12:56 INFO  DriverManager:23 - New driver instantiated
2019-05-30 18:12:56 INFO  DriverManager:23 - New driver instantiated
2019-05-30 18:12:56 INFO  DriverManager:23 - New driver instantiated
2019-05-30 18:12:56 INFO  DriverManager:23 - New driver instantiated
2019-05-30 18:12:56 INFO  DriverManager:23 - New driver instantiated
2019-05-30 18:12:56 INFO  DriverManager:23 - New driver instantiated
2019-05-30 18:12:56 INFO  AutorizationBO:12 - User enter emailtest2mailselenium@gmail.com in the login text box
2019-05-30 18:12:57 INFO  FunctionalTest:20 - Web application launched
2019-05-30 18:12:57 INFO  DriverManager:23 - New driver instantiated
2019-05-30 18:12:57 INFO  DriverManager:23 - New driver instantiated
2019-05-30 18:12:57 INFO  DriverManager:23 - New driver instantiated
2019-05-30 18:12:57 INFO  DriverManager:23 - New driver instantiated
2019-05-30 18:12:57 INFO  DriverManager:23 - New driver instantiated
2019-05-30 18:12:57 INFO  DriverManager:23 - New driver instantiated
2019-05-30 18:12:57 INFO  DriverManager:23 - New driver instantiated
2019-05-30 18:12:57 INFO  AutorizationBO:12 - User enter emailtest3mailSelenium@gmail.com in the login text box
2019-05-30 18:12:58 INFO  DriverManager:23 - New driver instantiated
2019-05-30 18:12:58 INFO  DriverManager:23 - New driver instantiated
2019-05-30 18:12:58 INFO  DriverManager:23 - New driver instantiated
2019-05-30 18:12:59 INFO  AutorizationBO:18 - Password enter passwordqwerty123QWERin the Password text box
2019-05-30 18:13:00 INFO  AutorizationBO:18 - Password enter passwordqwerty123QWERin the Password text box
2019-05-30 18:13:00 INFO  AutorizationBO:18 - Password enter passwordDriverManagerin the Password text box
2019-05-30 18:13:00 INFO  DriverManager:23 - New driver instantiated
2019-05-30 18:13:01 INFO  DriverManager:23 - New driver instantiated
2019-05-30 18:13:01 INFO  DriverManager:23 - New driver instantiated
2019-05-30 18:13:17 INFO  MarkAndDeleteImportantMessageBO:46 - 3 conversation marked as important
2019-05-30 18:13:17 INFO  DriverManager:23 - New driver instantiated
2019-05-30 18:13:17 INFO  DriverManager:23 - New driver instantiated
2019-05-30 18:13:17 INFO  DriverManager:23 - New driver instantiated
2019-05-30 18:13:18 INFO  MarkAndDeleteImportantMessageBO:46 - 3 conversation marked as important
2019-05-30 18:13:18 INFO  DriverManager:23 - New driver instantiated
2019-05-30 18:13:18 INFO  DriverManager:23 - New driver instantiated
2019-05-30 18:13:18 INFO  DriverManager:23 - New driver instantiated
2019-05-30 18:13:18 INFO  MarkAndDeleteImportantMessageBO:51 - Messages was choosen
2019-05-30 18:13:18 INFO  MarkAndDeleteImportantMessageBO:46 - 3 conversation marked as important
2019-05-30 18:13:18 INFO  DriverManager:23 - New driver instantiated
2019-05-30 18:13:18 INFO  MarkAndDeleteImportantMessageBO:53 - Conversations are deleted
2019-05-30 18:13:18 INFO  DriverManager:23 - New driver instantiated
2019-05-30 18:13:19 INFO  DriverManager:23 - New driver instantiated
2019-05-30 18:13:19 INFO  DriverManager:23 - New driver instantiated
2019-05-30 18:13:19 INFO  DriverManager:23 - New driver instantiated
2019-05-30 18:13:20 INFO  MarkAndDeleteImportantMessageBO:51 - Messages was choosen
2019-05-30 18:13:20 INFO  MarkAndDeleteImportantMessageBO:53 - Conversations are deleted
2019-05-30 18:13:20 INFO  DriverManager:23 - New driver instantiated
2019-05-30 18:13:20 INFO  DriverManager:23 - New driver instantiated
2019-05-30 18:13:20 INFO  FunctionalTest:27 - Browser closed
2019-05-30 18:13:21 INFO  MarkAndDeleteImportantMessageBO:51 - Messages was choosen
2019-05-30 18:13:21 INFO  MarkAndDeleteImportantMessageBO:53 - Conversations are deleted
2019-05-30 18:13:21 INFO  DriverManager:23 - New driver instantiated
2019-05-30 18:13:21 INFO  FunctionalTest:27 - Browser closed
2019-05-30 18:13:21 INFO  DriverManager:23 - New driver instantiated
2019-05-30 18:13:22 INFO  FunctionalTest:27 - Browser closed
2019-05-30 22:38:38 INFO  DriverManager:23 - New driver instantiated
2019-05-30 22:38:38 INFO  DriverManager:23 - New driver instantiated
2019-05-30 22:38:44 INFO  FunctionalTest:20 - Web application launched
2019-05-30 22:38:44 INFO  DriverManager:23 - New driver instantiated
2019-05-31 12:23:15 INFO  DriverManager:23 - New driver instantiated
2019-05-31 12:23:15 INFO  DriverManager:23 - New driver instantiated
2019-05-31 12:23:24 INFO  FunctionalTest:20 - Web application launched
2019-05-31 12:23:24 INFO  DriverManager:23 - New driver instantiated
2019-05-31 12:23:25 INFO  DriverManager:23 - New driver instantiated
2019-05-31 12:23:25 INFO  DriverManager:23 - New driver instantiated
2019-05-31 12:23:25 INFO  FunctionalTest:20 - Web application launched
2019-05-31 12:23:25 INFO  DriverManager:23 - New driver instantiated
2019-05-31 12:23:25 INFO  DriverManager:23 - New driver instantiated
2019-05-31 12:23:25 INFO  DriverManager:23 - New driver instantiated
2019-05-31 12:23:25 INFO  DriverManager:23 - New driver instantiated
2019-05-31 12:23:25 INFO  DriverManager:23 - New driver instantiated
2019-05-31 12:23:25 INFO  DriverManager:23 - New driver instantiated
2019-05-31 12:23:25 INFO  DriverManager:23 - New driver instantiated
2019-05-31 12:23:25 INFO  DriverManager:23 - New driver instantiated
2019-05-31 12:23:25 INFO  DriverManager:23 - New driver instantiated
2019-05-31 12:23:25 INFO  DriverManager:23 - New driver instantiated
2019-05-31 12:23:25 INFO  DriverManager:23 - New driver instantiated
2019-05-31 12:23:25 INFO  AutorizationBO:11 - User enter emailtest2mailselenium@gmail.com in the login text box
2019-05-31 12:23:25 INFO  AutorizationBO:11 - User enter emailtest3mailSelenium@gmail.com in the login text box
2019-05-31 12:23:26 INFO  DriverManager:23 - New driver instantiated
2019-05-31 12:23:26 INFO  DriverManager:23 - New driver instantiated
2019-05-31 12:23:27 INFO  AutorizationBO:17 - Password enter passwordDriverManagerin the Password text box
2019-05-31 12:23:27 INFO  AutorizationBO:17 - Password enter passwordqwerty123QWERin the Password text box
2019-05-31 12:23:27 INFO  DriverManager:23 - New driver instantiated
2019-05-31 12:23:27 INFO  DriverManager:23 - New driver instantiated
2019-05-31 12:23:45 INFO  MarkAndDeleteImportantMessageBO:46 - 3 conversation marked as important
2019-05-31 12:23:45 INFO  DriverManager:23 - New driver instantiated
2019-05-31 12:23:46 INFO  MarkAndDeleteImportantMessageBO:46 - 3 conversation marked as important
2019-05-31 12:23:46 INFO  DriverManager:23 - New driver instantiated
2019-05-31 12:23:46 INFO  DriverManager:23 - New driver instantiated
2019-05-31 12:23:46 INFO  DriverManager:23 - New driver instantiated
2019-05-31 12:23:46 INFO  DriverManager:23 - New driver instantiated
2019-05-31 12:23:46 INFO  DriverManager:23 - New driver instantiated
2019-05-31 12:23:48 INFO  MarkAndDeleteImportantMessageBO:51 - Messages was choosen
2019-05-31 12:23:49 INFO  MarkAndDeleteImportantMessageBO:53 - Conversations are deleted
2019-05-31 12:23:49 INFO  DriverManager:23 - New driver instantiated
2019-05-31 12:23:49 INFO  DriverManager:23 - New driver instantiated
2019-05-31 12:23:49 INFO  MarkAndDeleteImportantMessageBO:51 - Messages was choosen
2019-05-31 12:23:49 INFO  MarkAndDeleteImportantMessageBO:53 - Conversations are deleted
2019-05-31 12:23:49 INFO  DriverManager:23 - New driver instantiated
2019-05-31 12:23:49 INFO  DriverManager:23 - New driver instantiated
2019-05-31 12:23:50 INFO  FunctionalTest:27 - Browser closed
2019-05-31 12:23:50 INFO  FunctionalTest:27 - Browser closed
2019-05-31 12:33:13 INFO  DriverManager:23 - New driver instantiated
2019-05-31 12:33:13 INFO  DriverManager:23 - New driver instantiated
2019-05-31 12:33:20 INFO  FunctionalTest:20 - Web application launched
2019-05-31 12:33:20 INFO  DriverManager:23 - New driver instantiated
2019-05-31 12:33:20 INFO  DriverManager:23 - New driver instantiated
2019-05-31 12:33:20 INFO  DriverManager:23 - New driver instantiated
2019-05-31 12:33:20 INFO  DriverManager:23 - New driver instantiated
2019-05-31 12:33:20 INFO  DriverManager:23 - New driver instantiated
2019-05-31 12:33:20 INFO  DriverManager:23 - New driver instantiated
2019-05-31 12:33:20 INFO  DriverManager:23 - New driver instantiated
2019-05-31 12:33:20 INFO  AutorizationBO:11 - User enter emailtest3mailSelenium@gmail.com in the login text box
2019-05-31 12:33:21 INFO  DriverManager:23 - New driver instantiated
2019-05-31 12:34:29 INFO  FunctionalTest:20 - Web application launched
2019-05-31 12:34:29 INFO  DriverManager:23 - New driver instantiated
2019-05-31 12:34:29 INFO  DriverManager:23 - New driver instantiated
2019-05-31 12:34:29 INFO  DriverManager:23 - New driver instantiated
2019-05-31 12:34:29 INFO  DriverManager:23 - New driver instantiated
2019-05-31 12:34:29 INFO  DriverManager:23 - New driver instantiated
2019-05-31 12:34:29 INFO  DriverManager:23 - New driver instantiated
2019-05-31 12:34:29 INFO  DriverManager:23 - New driver instantiated
2019-05-31 12:34:29 INFO  AutorizationBO:11 - User enter emailtest2mailselenium@gmail.com in the login text box
2019-05-31 12:34:29 INFO  DriverManager:23 - New driver instantiated
2019-05-31 12:34:42 INFO  FunctionalTest:27 - Browser closed
2019-05-31 12:35:51 INFO  FunctionalTest:27 - Browser closed
2019-05-31 12:37:25 INFO  DriverManager:23 - New driver instantiated
2019-05-31 12:37:25 INFO  DriverManager:23 - New driver instantiated
2019-05-31 12:38:21 INFO  DriverManager:23 - New driver instantiated
2019-05-31 12:38:21 INFO  DriverManager:23 - New driver instantiated
2019-05-31 13:03:15 INFO  DriverManager:23 - New driver instantiated
2019-05-31 13:03:15 INFO  DriverManager:23 - New driver instantiated
2019-05-31 13:03:24 INFO  FunctionalTest:20 - Web application launched
2019-05-31 13:03:24 INFO  DriverManager:23 - New driver instantiated
2019-05-31 13:03:24 INFO  DriverManager:23 - New driver instantiated
2019-05-31 13:03:24 INFO  DriverManager:23 - New driver instantiated
2019-05-31 13:03:24 INFO  FunctionalTest:20 - Web application launched
2019-05-31 13:03:24 INFO  DriverManager:23 - New driver instantiated
2019-05-31 13:03:24 INFO  DriverManager:23 - New driver instantiated
2019-05-31 13:03:24 INFO  DriverManager:23 - New driver instantiated
2019-05-31 13:03:24 INFO  DriverManager:23 - New driver instantiated
2019-05-31 13:03:24 INFO  DriverManager:23 - New driver instantiated
2019-05-31 13:03:24 INFO  DriverManager:23 - New driver instantiated
2019-05-31 13:03:24 INFO  DriverManager:23 - New driver instantiated
2019-05-31 13:03:24 INFO  DriverManager:23 - New driver instantiated
2019-05-31 13:03:24 INFO  DriverManager:23 - New driver instantiated
2019-05-31 13:03:24 INFO  DriverManager:23 - New driver instantiated
2019-05-31 13:03:24 INFO  AutorizationBO:11 - User enter emailtest3mailSelenium@gmail.com in the login text box
2019-05-31 13:03:24 INFO  DriverManager:23 - New driver instantiated
2019-05-31 13:03:24 INFO  AutorizationBO:11 - User enter emailtest2mailselenium@gmail.com in the login text box
2019-05-31 13:03:25 INFO  DriverManager:23 - New driver instantiated
2019-05-31 13:03:25 INFO  DriverManager:23 - New driver instantiated
2019-05-31 13:03:26 INFO  AutorizationBO:17 - Password enter passwordqwerty123QWERin the Password text box
2019-05-31 13:03:26 INFO  AutorizationBO:17 - Password enter passwordDriverManagerin the Password text box
2019-05-31 13:03:27 INFO  DriverManager:23 - New driver instantiated
2019-05-31 13:03:27 INFO  DriverManager:23 - New driver instantiated
2019-05-31 13:03:44 INFO  MarkAndDeleteImportantMessageBO:46 - 3 conversation marked as important
2019-05-31 13:03:44 INFO  DriverManager:23 - New driver instantiated
2019-05-31 13:03:44 INFO  DriverManager:23 - New driver instantiated
2019-05-31 13:03:44 INFO  MarkAndDeleteImportantMessageBO:46 - 3 conversation marked as important
2019-05-31 13:03:44 INFO  DriverManager:23 - New driver instantiated
2019-05-31 13:03:45 INFO  DriverManager:23 - New driver instantiated
2019-05-31 13:03:47 INFO  MarkAndDeleteImportantMessageBO:51 - Messages was choosen
2019-05-31 13:03:47 INFO  MarkAndDeleteImportantMessageBO:53 - Conversations are deleted
2019-05-31 13:03:47 INFO  DriverManager:23 - New driver instantiated
2019-05-31 13:03:48 INFO  DriverManager:23 - New driver instantiated
2019-05-31 13:03:49 INFO  FunctionalTest:27 - Browser closed
2019-05-31 13:05:40 INFO  DriverManager:23 - New driver instantiated
2019-05-31 13:05:40 INFO  DriverManager:23 - New driver instantiated
2019-05-31 13:05:49 INFO  FunctionalTest:20 - Web application launched
2019-05-31 13:05:49 INFO  DriverManager:23 - New driver instantiated
2019-05-31 13:05:49 INFO  FunctionalTest:20 - Web application launched
2019-05-31 13:05:49 INFO  DriverManager:23 - New driver instantiated
2019-05-31 13:05:49 INFO  DriverManager:23 - New driver instantiated
2019-05-31 13:05:49 INFO  DriverManager:23 - New driver instantiated
2019-05-31 13:05:49 INFO  DriverManager:23 - New driver instantiated
2019-05-31 13:05:49 INFO  DriverManager:23 - New driver instantiated
2019-05-31 13:05:49 INFO  DriverManager:23 - New driver instantiated
2019-05-31 13:05:49 INFO  DriverManager:23 - New driver instantiated
2019-05-31 13:05:49 INFO  DriverManager:23 - New driver instantiated
2019-05-31 13:05:49 INFO  DriverManager:23 - New driver instantiated
2019-05-31 13:05:49 INFO  DriverManager:23 - New driver instantiated
2019-05-31 13:05:49 INFO  DriverManager:23 - New driver instantiated
2019-05-31 13:05:49 INFO  DriverManager:23 - New driver instantiated
2019-05-31 13:05:49 INFO  DriverManager:23 - New driver instantiated
2019-05-31 13:05:49 INFO  AutorizationBO:11 - User enter emailtest2mailselenium@gmail.com in the login text box
2019-05-31 13:05:49 INFO  AutorizationBO:11 - User enter emailtest3mailSelenium@gmail.com in the login text box
2019-05-31 13:05:50 INFO  DriverManager:23 - New driver instantiated
2019-05-31 13:05:50 INFO  DriverManager:23 - New driver instantiated
2019-05-31 13:05:51 INFO  AutorizationBO:17 - Password enter passwordqwerty123QWERin the Password text box
2019-05-31 13:05:51 INFO  AutorizationBO:17 - Password enter passwordDriverManagerin the Password text box
2019-05-31 13:05:52 INFO  DriverManager:23 - New driver instantiated
2019-05-31 13:05:52 INFO  DriverManager:23 - New driver instantiated
2019-05-31 13:06:08 INFO  MarkAndDeleteImportantMessageBO:46 - 3 conversation marked as important
2019-05-31 13:06:08 INFO  DriverManager:23 - New driver instantiated
2019-05-31 13:06:08 INFO  MarkAndDeleteImportantMessageBO:46 - 3 conversation marked as important
2019-05-31 13:06:08 INFO  DriverManager:23 - New driver instantiated
2019-05-31 13:06:08 INFO  DriverManager:23 - New driver instantiated
2019-05-31 13:06:08 INFO  DriverManager:23 - New driver instantiated
2019-05-31 13:06:10 INFO  MarkAndDeleteImportantMessageBO:51 - Messages was choosen
2019-05-31 13:06:11 INFO  MarkAndDeleteImportantMessageBO:53 - Conversations are deleted
2019-05-31 13:06:11 INFO  DriverManager:23 - New driver instantiated
2019-05-31 13:06:11 INFO  DriverManager:23 - New driver instantiated
2019-05-31 13:06:12 INFO  FunctionalTest:27 - Browser closed
2019-05-31 13:08:01 INFO  DriverManager:23 - New driver instantiated
2019-05-31 13:08:01 INFO  DriverManager:23 - New driver instantiated
2019-05-31 13:08:08 INFO  FunctionalTest:20 - Web application launched
2019-05-31 13:08:08 INFO  DriverManager:23 - New driver instantiated
2019-05-31 13:08:08 INFO  DriverManager:23 - New driver instantiated
2019-05-31 13:08:08 INFO  DriverManager:23 - New driver instantiated
2019-05-31 13:08:08 INFO  DriverManager:23 - New driver instantiated
2019-05-31 13:08:08 INFO  DriverManager:23 - New driver instantiated
2019-05-31 13:08:08 INFO  DriverManager:23 - New driver instantiated
2019-05-31 13:08:08 INFO  DriverManager:23 - New driver instantiated
2019-05-31 13:08:08 INFO  AutorizationBO:11 - User enter emailtest3mailSelenium@gmail.com in the login text box
2019-05-31 13:08:08 INFO  FunctionalTest:20 - Web application launched
2019-05-31 13:08:08 INFO  DriverManager:23 - New driver instantiated
2019-05-31 13:08:08 INFO  DriverManager:23 - New driver instantiated
2019-05-31 13:08:08 INFO  DriverManager:23 - New driver instantiated
2019-05-31 13:08:08 INFO  DriverManager:23 - New driver instantiated
2019-05-31 13:08:08 INFO  DriverManager:23 - New driver instantiated
2019-05-31 13:08:08 INFO  DriverManager:23 - New driver instantiated
2019-05-31 13:08:08 INFO  DriverManager:23 - New driver instantiated
2019-05-31 13:08:08 INFO  AutorizationBO:11 - User enter emailtest2mailselenium@gmail.com in the login text box
2019-05-31 13:08:08 INFO  DriverManager:23 - New driver instantiated
2019-05-31 13:08:09 INFO  DriverManager:23 - New driver instantiated
2019-05-31 13:08:09 INFO  AutorizationBO:17 - Password enter passwordqwerty123QWERin the Password text box
2019-05-31 13:08:09 INFO  AutorizationBO:17 - Password enter passwordDriverManagerin the Password text box
2019-05-31 13:08:10 INFO  DriverManager:23 - New driver instantiated
2019-05-31 13:08:10 INFO  DriverManager:23 - New driver instantiated
2019-05-31 13:08:22 INFO  MarkAndDeleteImportantMessageBO:46 - 3 conversation marked as important
2019-05-31 13:08:22 INFO  DriverManager:23 - New driver instantiated
2019-05-31 13:08:24 INFO  MarkAndDeleteImportantMessageBO:46 - 3 conversation marked as important
2019-05-31 13:08:24 INFO  DriverManager:23 - New driver instantiated
2019-05-31 13:08:24 INFO  DriverManager:23 - New driver instantiated
2019-05-31 13:08:24 INFO  DriverManager:23 - New driver instantiated
2019-05-31 13:08:26 INFO  MarkAndDeleteImportantMessageBO:51 - Messages was choosen
2019-05-31 13:08:26 INFO  MarkAndDeleteImportantMessageBO:53 - Conversations are deleted
2019-05-31 13:08:26 INFO  DriverManager:23 - New driver instantiated
2019-05-31 13:08:26 INFO  DriverManager:23 - New driver instantiated
2019-05-31 13:08:27 INFO  FunctionalTest:27 - Browser closed
2019-05-31 13:08:31 INFO  DriverManager:23 - New driver instantiated
2019-05-31 13:08:32 INFO  DriverManager:23 - New driver instantiated
2019-05-31 13:08:34 INFO  FunctionalTest:27 - Browser closed
2019-05-31 13:09:49 INFO  DriverManager:23 - New driver instantiated
2019-05-31 13:09:49 INFO  DriverManager:23 - New driver instantiated
2019-05-31 13:09:55 INFO  FunctionalTest:20 - Web application launched
2019-05-31 13:09:55 INFO  DriverManager:23 - New driver instantiated
2019-05-31 13:09:55 INFO  DriverManager:23 - New driver instantiated
2019-05-31 13:09:55 INFO  DriverManager:23 - New driver instantiated
2019-05-31 13:09:55 INFO  DriverManager:23 - New driver instantiated
2019-05-31 13:09:55 INFO  DriverManager:23 - New driver instantiated
2019-05-31 13:09:56 INFO  DriverManager:23 - New driver instantiated
2019-05-31 13:09:56 INFO  DriverManager:23 - New driver instantiated
2019-05-31 13:09:56 INFO  AutorizationBO:11 - User enter emailtest2mailselenium@gmail.com in the login text box
2019-05-31 13:09:56 INFO  FunctionalTest:20 - Web application launched
2019-05-31 13:09:56 INFO  DriverManager:23 - New driver instantiated
2019-05-31 13:09:56 INFO  DriverManager:23 - New driver instantiated
2019-05-31 13:09:56 INFO  DriverManager:23 - New driver instantiated
2019-05-31 13:09:56 INFO  DriverManager:23 - New driver instantiated
2019-05-31 13:09:56 INFO  DriverManager:23 - New driver instantiated
2019-05-31 13:09:56 INFO  DriverManager:23 - New driver instantiated
2019-05-31 13:09:56 INFO  DriverManager:23 - New driver instantiated
2019-05-31 13:09:56 INFO  AutorizationBO:11 - User enter emailtest3mailSelenium@gmail.com in the login text box
2019-05-31 13:09:56 INFO  DriverManager:23 - New driver instantiated
2019-05-31 13:09:56 INFO  DriverManager:23 - New driver instantiated
2019-05-31 13:09:57 INFO  AutorizationBO:17 - Password enter passwordqwerty123QWERin the Password text box
2019-05-31 13:09:57 INFO  DriverManager:23 - New driver instantiated
2019-05-31 13:09:57 INFO  AutorizationBO:17 - Password enter passwordDriverManagerin the Password text box
2019-05-31 13:09:58 INFO  DriverManager:23 - New driver instantiated
2019-05-31 13:10:09 INFO  MarkAndDeleteImportantMessageBO:46 - 3 conversation marked as important
2019-05-31 13:10:09 INFO  DriverManager:23 - New driver instantiated
2019-05-31 13:10:10 INFO  MarkAndDeleteImportantMessageBO:46 - 3 conversation marked as important
2019-05-31 13:10:10 INFO  DriverManager:23 - New driver instantiated
2019-05-31 13:10:10 INFO  DriverManager:23 - New driver instantiated
2019-05-31 13:10:10 INFO  DriverManager:23 - New driver instantiated
2019-05-31 13:10:12 INFO  MarkAndDeleteImportantMessageBO:51 - Messages was choosen
2019-05-31 13:10:12 INFO  MarkAndDeleteImportantMessageBO:53 - Conversations are deleted
2019-05-31 13:10:12 INFO  DriverManager:23 - New driver instantiated
2019-05-31 13:10:12 INFO  DriverManager:23 - New driver instantiated
2019-05-31 13:10:13 INFO  FunctionalTest:27 - Browser closed
2019-05-31 13:10:15 INFO  DriverManager:23 - New driver instantiated
2019-05-31 13:10:15 INFO  DriverManager:23 - New driver instantiated
2019-05-31 13:10:17 INFO  MarkAndDeleteImportantMessageBO:51 - Messages was choosen
2019-05-31 13:10:17 INFO  MarkAndDeleteImportantMessageBO:53 - Conversations are deleted
2019-05-31 13:10:17 INFO  DriverManager:23 - New driver instantiated
2019-05-31 13:10:17 INFO  DriverManager:23 - New driver instantiated
2019-05-31 13:10:18 INFO  FunctionalTest:27 - Browser closed
2019-05-31 13:29:22 INFO  DriverManager:23 - New driver instantiated
2019-05-31 13:29:22 INFO  DriverManager:23 - New driver instantiated
2019-05-31 13:29:29 INFO  FunctionalTest:20 - Web application launched
2019-05-31 13:29:29 INFO  DriverManager:23 - New driver instantiated
2019-05-31 13:29:29 INFO  DriverManager:23 - New driver instantiated
2019-05-31 13:29:29 INFO  DriverManager:23 - New driver instantiated
2019-05-31 13:29:29 INFO  DriverManager:23 - New driver instantiated
2019-05-31 13:29:29 INFO  DriverManager:23 - New driver instantiated
2019-05-31 13:29:29 INFO  DriverManager:23 - New driver instantiated
2019-05-31 13:29:29 INFO  DriverManager:23 - New driver instantiated
2019-05-31 13:29:29 INFO  AutorizationBO:11 - User enter emailtest3mailSelenium@gmail.com in the login text box
2019-05-31 13:29:30 INFO  FunctionalTest:20 - Web application launched
2019-05-31 13:29:30 INFO  DriverManager:23 - New driver instantiated
2019-05-31 13:29:30 INFO  DriverManager:23 - New driver instantiated
2019-05-31 13:29:30 INFO  DriverManager:23 - New driver instantiated
2019-05-31 13:29:30 INFO  DriverManager:23 - New driver instantiated
2019-05-31 13:29:30 INFO  DriverManager:23 - New driver instantiated
2019-05-31 13:29:30 INFO  DriverManager:23 - New driver instantiated
2019-05-31 13:29:30 INFO  DriverManager:23 - New driver instantiated
2019-05-31 13:29:30 INFO  AutorizationBO:11 - User enter emailtest2mailselenium@gmail.com in the login text box
2019-05-31 13:29:31 INFO  DriverManager:23 - New driver instantiated
2019-05-31 13:29:31 INFO  DriverManager:23 - New driver instantiated
2019-05-31 13:29:32 INFO  AutorizationBO:17 - Password enter passwordqwerty123QWERin the Password text box
2019-05-31 13:29:32 INFO  AutorizationBO:17 - Password enter passwordDriverManagerin the Password text box
2019-05-31 13:29:32 INFO  DriverManager:23 - New driver instantiated
2019-05-31 13:29:32 INFO  DriverManager:23 - New driver instantiated
2019-05-31 13:30:00 INFO  MarkAndDeleteImportantMessageBO:46 - 3 conversation marked as important
2019-05-31 13:30:00 INFO  DriverManager:23 - New driver instantiated
2019-05-31 13:30:01 INFO  DriverManager:23 - New driver instantiated
2019-05-31 13:30:02 INFO  MarkAndDeleteImportantMessageBO:46 - 3 conversation marked as important
2019-05-31 13:30:02 INFO  DriverManager:23 - New driver instantiated
2019-05-31 13:30:02 INFO  DriverManager:23 - New driver instantiated
2019-05-31 13:30:03 INFO  DriverManager:23 - New driver instantiated
2019-05-31 13:30:03 INFO  FunctionalTest:27 - Browser closed
2019-05-31 13:30:07 INFO  MarkAndDeleteImportantMessageBO:51 - Messages was choosen
2019-05-31 13:30:07 INFO  MarkAndDeleteImportantMessageBO:53 - Conversations are deleted
2019-05-31 13:30:07 INFO  DriverManager:23 - New driver instantiated
2019-06-02 00:45:34 INFO  DriverManager:23 - New driver instantiated
2019-06-02 00:45:34 INFO  DriverManager:23 - New driver instantiated
2019-06-02 00:45:42 INFO  FunctionalTest:20 - Web application launched
2019-06-02 00:45:42 INFO  DriverManager:23 - New driver instantiated
2019-06-02 00:45:42 INFO  DriverManager:23 - New driver instantiated
2019-06-02 00:45:42 INFO  DriverManager:23 - New driver instantiated
2019-06-02 00:45:42 INFO  DriverManager:23 - New driver instantiated
2019-06-02 00:45:42 INFO  DriverManager:23 - New driver instantiated
2019-06-02 00:45:42 INFO  DriverManager:23 - New driver instantiated
2019-06-02 00:45:42 INFO  DriverManager:23 - New driver instantiated
2019-06-02 00:45:42 INFO  AutorizationBO:11 - User enter emailtest2mailselenium@gmail.com in the login text box
2019-06-02 00:45:42 INFO  FunctionalTest:20 - Web application launched
2019-06-02 00:45:42 INFO  DriverManager:23 - New driver instantiated
2019-06-02 00:45:42 INFO  DriverManager:23 - New driver instantiated
2019-06-02 00:45:42 INFO  DriverManager:23 - New driver instantiated
2019-06-02 00:45:42 INFO  DriverManager:23 - New driver instantiated
2019-06-02 00:45:42 INFO  DriverManager:23 - New driver instantiated
2019-06-02 00:45:42 INFO  DriverManager:23 - New driver instantiated
2019-06-02 00:45:42 INFO  DriverManager:23 - New driver instantiated
2019-06-02 00:45:42 INFO  AutorizationBO:11 - User enter emailtest3mailSelenium@gmail.com in the login text box
2019-06-02 00:45:43 INFO  DriverManager:23 - New driver instantiated
2019-06-02 00:45:43 INFO  DriverManager:23 - New driver instantiated
2019-06-02 00:45:44 INFO  AutorizationBO:17 - Password enter passwordqwerty123QWERin the Password text box
2019-06-02 00:45:44 INFO  AutorizationBO:17 - Password enter passwordDriverManagerin the Password text box
2019-06-02 00:45:44 INFO  DriverManager:23 - New driver instantiated
2019-06-02 00:45:44 INFO  DriverManager:23 - New driver instantiated
2019-06-02 00:45:59 INFO  MarkAndDeleteImportantMessageBO:46 - 3 conversation marked as important
2019-06-02 00:45:59 INFO  DriverManager:23 - New driver instantiated
2019-06-02 00:46:00 INFO  DriverManager:23 - New driver instantiated
2019-06-02 00:46:00 INFO  DriverManager:23 - New driver instantiated
2019-06-02 00:46:03 INFO  FunctionalTest:27 - Browser closed
2019-06-02 00:46:03 INFO  MarkAndDeleteImportantMessageBO:46 - 3 conversation marked as important
2019-06-02 00:46:03 INFO  DriverManager:23 - New driver instantiated
2019-06-02 00:46:12 INFO  DriverManager:23 - New driver instantiated
2019-06-02 00:46:12 INFO  DriverManager:23 - New driver instantiated
2019-06-02 00:46:15 INFO  FunctionalTest:27 - Browser closed
2019-06-02 00:52:07 INFO  DriverManager:23 - New driver instantiated
2019-06-02 00:52:07 INFO  DriverManager:23 - New driver instantiated
2019-06-02 00:52:15 INFO  FunctionalTest:20 - Web application launched
2019-06-02 00:52:15 INFO  DriverManager:23 - New driver instantiated
2019-06-02 00:52:15 INFO  DriverManager:23 - New driver instantiated
2019-06-02 00:52:15 INFO  DriverManager:23 - New driver instantiated
2019-06-02 00:52:15 INFO  DriverManager:23 - New driver instantiated
2019-06-02 00:52:15 INFO  DriverManager:23 - New driver instantiated
2019-06-02 00:52:15 INFO  DriverManager:23 - New driver instantiated
2019-06-02 00:52:15 INFO  DriverManager:23 - New driver instantiated
2019-06-02 00:52:15 INFO  AutorizationBO:11 - User enter emailtest3mailSelenium@gmail.com in the login text box
2019-06-02 00:52:15 INFO  FunctionalTest:20 - Web application launched
2019-06-02 00:52:15 INFO  DriverManager:23 - New driver instantiated
2019-06-02 00:52:15 INFO  DriverManager:23 - New driver instantiated
2019-06-02 00:52:15 INFO  DriverManager:23 - New driver instantiated
2019-06-02 00:52:15 INFO  DriverManager:23 - New driver instantiated
2019-06-02 00:52:15 INFO  DriverManager:23 - New driver instantiated
2019-06-02 00:52:15 INFO  DriverManager:23 - New driver instantiated
2019-06-02 00:52:15 INFO  DriverManager:23 - New driver instantiated
2019-06-02 00:52:15 INFO  AutorizationBO:11 - User enter emailtest2mailselenium@gmail.com in the login text box
2019-06-02 00:52:16 INFO  DriverManager:23 - New driver instantiated
2019-06-02 00:52:16 INFO  DriverManager:23 - New driver instantiated
2019-06-02 00:52:17 INFO  AutorizationBO:17 - Password enter passwordDriverManagerin the Password text box
2019-06-02 00:52:17 INFO  AutorizationBO:17 - Password enter passwordqwerty123QWERin the Password text box
2019-06-02 00:52:17 INFO  DriverManager:23 - New driver instantiated
2019-06-02 00:52:17 INFO  DriverManager:23 - New driver instantiated
2019-06-02 00:52:34 INFO  MarkAndDeleteImportantMessageBO:46 - 3 conversation marked as important
2019-06-02 00:52:34 INFO  DriverManager:23 - New driver instantiated
2019-06-02 00:52:37 INFO  MarkAndDeleteImportantMessageBO:46 - 3 conversation marked as important
2019-06-02 00:52:37 INFO  DriverManager:23 - New driver instantiated
2019-06-02 00:52:51 INFO  FunctionalTest:27 - Browser closed
2019-06-02 00:52:52 INFO  FunctionalTest:27 - Browser closed
2019-06-02 01:01:02 INFO  DriverManager:23 - New driver instantiated
2019-06-02 01:01:02 INFO  DriverManager:23 - New driver instantiated
2019-06-02 01:01:11 INFO  FunctionalTest:20 - Web application launched
2019-06-02 01:01:11 INFO  DriverManager:23 - New driver instantiated
2019-06-02 01:01:11 INFO  DriverManager:23 - New driver instantiated
2019-06-02 01:01:11 INFO  DriverManager:23 - New driver instantiated
2019-06-02 01:01:11 INFO  DriverManager:23 - New driver instantiated
2019-06-02 01:01:11 INFO  DriverManager:23 - New driver instantiated
2019-06-02 01:01:11 INFO  DriverManager:23 - New driver instantiated
2019-06-02 01:01:11 INFO  DriverManager:23 - New driver instantiated
2019-06-02 01:01:11 INFO  AutorizationBO:11 - User enter emailtest3mailSelenium@gmail.com in the login text box
2019-06-02 01:01:12 INFO  FunctionalTest:20 - Web application launched
2019-06-02 01:01:12 INFO  DriverManager:23 - New driver instantiated
2019-06-02 01:01:12 INFO  DriverManager:23 - New driver instantiated
2019-06-02 01:01:12 INFO  DriverManager:23 - New driver instantiated
2019-06-02 01:01:12 INFO  DriverManager:23 - New driver instantiated
2019-06-02 01:01:12 INFO  DriverManager:23 - New driver instantiated
2019-06-02 01:01:12 INFO  DriverManager:23 - New driver instantiated
2019-06-02 01:01:12 INFO  DriverManager:23 - New driver instantiated
2019-06-02 01:01:12 INFO  AutorizationBO:11 - User enter emailtest2mailselenium@gmail.com in the login text box
2019-06-02 01:01:12 INFO  DriverManager:23 - New driver instantiated
2019-06-02 01:01:13 INFO  AutorizationBO:17 - Password enter passwordDriverManagerin the Password text box
2019-06-02 01:01:13 INFO  DriverManager:23 - New driver instantiated
2019-06-02 01:01:14 INFO  DriverManager:23 - New driver instantiated
2019-06-02 01:01:14 INFO  AutorizationBO:17 - Password enter passwordqwerty123QWERin the Password text box
2019-06-02 01:01:15 INFO  DriverManager:23 - New driver instantiated
2019-06-02 01:02:31 INFO  MarkAndDeleteImportantMessageBO:46 - 3 conversation marked as important
2019-06-02 01:02:31 INFO  DriverManager:23 - New driver instantiated
2019-06-02 01:02:31 INFO  MarkAndDeleteImportantMessageBO:46 - 3 conversation marked as important
2019-06-02 01:02:31 INFO  DriverManager:23 - New driver instantiated
2019-06-02 01:02:31 INFO  DriverManager:23 - New driver instantiated
2019-06-02 01:02:31 INFO  DriverManager:23 - New driver instantiated
2019-06-02 01:02:32 INFO  DriverManager:23 - New driver instantiated
2019-06-02 01:02:32 INFO  DriverManager:23 - New driver instantiated
2019-06-02 01:02:33 INFO  MarkAndDeleteImportantMessageBO:51 - Messages was choosen
2019-06-02 01:02:34 INFO  MarkAndDeleteImportantMessageBO:53 - Conversations are deleted
2019-06-02 01:02:34 INFO  DriverManager:23 - New driver instantiated
2019-06-02 01:02:34 INFO  DriverManager:23 - New driver instantiated
2019-06-02 01:02:35 INFO  MarkAndDeleteImportantMessageBO:51 - Messages was choosen
2019-06-02 01:02:35 INFO  MarkAndDeleteImportantMessageBO:53 - Conversations are deleted
2019-06-02 01:02:35 INFO  DriverManager:23 - New driver instantiated
2019-06-02 01:02:35 INFO  DriverManager:23 - New driver instantiated
2019-06-02 01:02:36 INFO  FunctionalTest:27 - Browser closed
2019-06-02 01:02:37 INFO  FunctionalTest:27 - Browser closed
2019-06-02 08:37:11 INFO  DriverManager:23 - New driver instantiated
2019-06-02 08:37:11 INFO  DriverManager:23 - New driver instantiated
2019-06-02 08:37:19 INFO  FunctionalTest:20 - Web application launched
2019-06-02 08:37:19 INFO  DriverManager:23 - New driver instantiated
2019-06-02 08:37:19 INFO  FunctionalTest:20 - Web application launched
2019-06-02 08:37:19 INFO  DriverManager:23 - New driver instantiated
2019-06-02 08:37:19 INFO  DriverManager:23 - New driver instantiated
2019-06-02 08:37:19 INFO  DriverManager:23 - New driver instantiated
2019-06-02 08:37:19 INFO  DriverManager:23 - New driver instantiated
2019-06-02 08:37:19 INFO  DriverManager:23 - New driver instantiated
2019-06-02 08:37:19 INFO  DriverManager:23 - New driver instantiated
2019-06-02 08:37:19 INFO  DriverManager:23 - New driver instantiated
2019-06-02 08:37:19 INFO  DriverManager:23 - New driver instantiated
2019-06-02 08:37:19 INFO  DriverManager:23 - New driver instantiated
2019-06-02 08:37:19 INFO  DriverManager:23 - New driver instantiated
2019-06-02 08:37:19 INFO  DriverManager:23 - New driver instantiated
2019-06-02 08:37:19 INFO  DriverManager:23 - New driver instantiated
2019-06-02 08:37:20 INFO  DriverManager:23 - New driver instantiated
2019-06-02 08:37:20 INFO  AutorizationBO:11 - User enter emailtest3mailSelenium@gmail.com in the login text box
2019-06-02 08:37:20 INFO  AutorizationBO:11 - User enter emailtest2mailselenium@gmail.com in the login text box
2019-06-02 08:37:21 INFO  DriverManager:23 - New driver instantiated
2019-06-02 08:37:21 INFO  DriverManager:23 - New driver instantiated
2019-06-02 08:37:22 INFO  AutorizationBO:17 - Password enter passwordqwerty123QWERin the Password text box
2019-06-02 08:37:22 INFO  AutorizationBO:17 - Password enter passwordDriverManagerin the Password text box
2019-06-02 08:37:23 INFO  DriverManager:23 - New driver instantiated
2019-06-02 08:37:23 INFO  DriverManager:23 - New driver instantiated
2019-06-02 08:37:41 INFO  MarkAndDeleteImportantMessageBO:46 - 3 conversation marked as important
2019-06-02 08:37:41 INFO  DriverManager:23 - New driver instantiated
2019-06-02 08:37:41 INFO  DriverManager:23 - New driver instantiated
2019-06-02 08:37:41 INFO  DriverManager:23 - New driver instantiated
2019-06-02 08:37:41 INFO  MarkAndDeleteImportantMessageBO:46 - 3 conversation marked as important
2019-06-02 08:37:41 INFO  DriverManager:23 - New driver instantiated
2019-06-02 08:37:42 INFO  DriverManager:23 - New driver instantiated
2019-06-02 08:37:42 INFO  DriverManager:23 - New driver instantiated
2019-06-02 08:37:43 INFO  MarkAndDeleteImportantMessageBO:51 - Messages was choosen
2019-06-02 08:37:43 INFO  MarkAndDeleteImportantMessageBO:53 - Conversations are deleted
2019-06-02 08:37:43 INFO  DriverManager:23 - New driver instantiated
2019-06-02 08:37:43 INFO  DriverManager:23 - New driver instantiated
2019-06-02 08:37:44 INFO  MarkAndDeleteImportantMessageBO:51 - Messages was choosen
2019-06-02 08:37:45 INFO  MarkAndDeleteImportantMessageBO:53 - Conversations are deleted
2019-06-02 08:37:45 INFO  DriverManager:23 - New driver instantiated
2019-06-02 08:37:45 INFO  DriverManager:23 - New driver instantiated
2019-06-02 08:37:45 INFO  FunctionalTest:27 - Browser closed
2019-06-02 08:37:46 INFO  FunctionalTest:27 - Browser closed
2019-06-02 08:47:23 INFO  DriverManager:23 - New driver instantiated
2019-06-02 08:47:23 INFO  DriverManager:23 - New driver instantiated
2019-06-02 08:47:30 INFO  FunctionalTest:20 - Web application launched
2019-06-02 08:47:30 INFO  DriverManager:23 - New driver instantiated
2019-06-02 08:47:30 INFO  DriverManager:23 - New driver instantiated
2019-06-02 08:47:30 INFO  DriverManager:23 - New driver instantiated
2019-06-02 08:47:30 INFO  DriverManager:23 - New driver instantiated
2019-06-02 08:47:30 INFO  DriverManager:23 - New driver instantiated
2019-06-02 08:47:30 INFO  DriverManager:23 - New driver instantiated
2019-06-02 08:47:30 INFO  DriverManager:23 - New driver instantiated
2019-06-02 08:47:30 INFO  AutorizationBO:11 - User enter emailtest3mailSelenium@gmail.com in the login text box
2019-06-02 08:47:30 INFO  FunctionalTest:20 - Web application launched
2019-06-02 08:47:30 INFO  DriverManager:23 - New driver instantiated
2019-06-02 08:47:30 INFO  DriverManager:23 - New driver instantiated
2019-06-02 08:47:30 INFO  DriverManager:23 - New driver instantiated
2019-06-02 08:47:30 INFO  DriverManager:23 - New driver instantiated
2019-06-02 08:47:30 INFO  DriverManager:23 - New driver instantiated
2019-06-02 08:47:30 INFO  DriverManager:23 - New driver instantiated
2019-06-02 08:47:30 INFO  DriverManager:23 - New driver instantiated
2019-06-02 08:47:30 INFO  AutorizationBO:11 - User enter emailtest2mailselenium@gmail.com in the login text box
2019-06-02 08:47:31 INFO  DriverManager:23 - New driver instantiated
2019-06-02 08:47:31 INFO  DriverManager:23 - New driver instantiated
2019-06-02 08:47:32 INFO  AutorizationBO:17 - Password enter passwordDriverManagerin the Password text box
2019-06-02 08:47:32 INFO  AutorizationBO:17 - Password enter passwordqwerty123QWERin the Password text box
2019-06-02 08:47:32 INFO  DriverManager:23 - New driver instantiated
2019-06-02 08:47:33 INFO  DriverManager:23 - New driver instantiated
2019-06-02 08:47:42 INFO  MarkAndDeleteImportantMessageBO:46 - 3 conversation marked as important
2019-06-02 08:47:42 INFO  DriverManager:23 - New driver instantiated
2019-06-02 08:47:47 INFO  DriverManager:23 - New driver instantiated
2019-06-02 08:47:48 INFO  DriverManager:23 - New driver instantiated
2019-06-02 08:47:48 INFO  MarkAndDeleteImportantMessageBO:46 - 3 conversation marked as important
2019-06-02 08:47:48 INFO  DriverManager:23 - New driver instantiated
2019-06-02 08:47:48 INFO  DriverManager:23 - New driver instantiated
2019-06-02 08:47:48 INFO  DriverManager:23 - New driver instantiated
2019-06-02 08:47:49 INFO  MarkAndDeleteImportantMessageBO:51 - Messages was choosen
2019-06-02 08:47:49 INFO  MarkAndDeleteImportantMessageBO:53 - Conversations are deleted
2019-06-02 08:47:49 INFO  DriverManager:23 - New driver instantiated
2019-06-02 08:47:49 INFO  DriverManager:23 - New driver instantiated
2019-06-02 08:47:50 INFO  MarkAndDeleteImportantMessageBO:51 - Messages was choosen
2019-06-02 08:47:50 INFO  FunctionalTest:27 - Browser closed
2019-06-02 08:47:50 INFO  MarkAndDeleteImportantMessageBO:53 - Conversations are deleted
2019-06-02 08:47:50 INFO  DriverManager:23 - New driver instantiated
2019-06-02 08:47:50 INFO  DriverManager:23 - New driver instantiated
2019-06-02 08:47:51 INFO  FunctionalTest:27 - Browser closed
2019-06-02 09:35:19 INFO  DriverManager:23 - New driver instantiated
2019-06-02 09:35:19 INFO  DriverManager:23 - New driver instantiated
2019-06-02 09:35:26 INFO  FunctionalTest:20 - Web application launched
2019-06-02 09:35:26 INFO  DriverManager:23 - New driver instantiated
2019-06-02 09:35:26 INFO  DriverManager:23 - New driver instantiated
2019-06-02 09:35:26 INFO  DriverManager:23 - New driver instantiated
2019-06-02 09:35:26 INFO  DriverManager:23 - New driver instantiated
2019-06-02 09:35:26 INFO  DriverManager:23 - New driver instantiated
2019-06-02 09:35:26 INFO  DriverManager:23 - New driver instantiated
2019-06-02 09:35:26 INFO  DriverManager:23 - New driver instantiated
2019-06-02 09:35:26 INFO  AutorizationBO:11 - User enter emailtest2mailselenium@gmail.com in the login text box
2019-06-02 09:35:27 INFO  FunctionalTest:20 - Web application launched
2019-06-02 09:35:27 INFO  DriverManager:23 - New driver instantiated
2019-06-02 09:35:27 INFO  DriverManager:23 - New driver instantiated
2019-06-02 09:35:27 INFO  DriverManager:23 - New driver instantiated
2019-06-02 09:35:27 INFO  DriverManager:23 - New driver instantiated
2019-06-02 09:35:27 INFO  DriverManager:23 - New driver instantiated
2019-06-02 09:35:27 INFO  DriverManager:23 - New driver instantiated
2019-06-02 09:35:27 INFO  DriverManager:23 - New driver instantiated
2019-06-02 09:35:27 INFO  AutorizationBO:11 - User enter emailtest3mailSelenium@gmail.com in the login text box
2019-06-02 09:35:27 INFO  DriverManager:23 - New driver instantiated
2019-06-02 09:35:28 INFO  DriverManager:23 - New driver instantiated
2019-06-02 09:35:28 INFO  AutorizationBO:17 - Password enter passwordqwerty123QWERin the Password text box
2019-06-02 09:35:29 INFO  DriverManager:23 - New driver instantiated
2019-06-02 09:35:29 INFO  AutorizationBO:17 - Password enter passwordDriverManagerin the Password text box
2019-06-02 09:35:29 INFO  DriverManager:23 - New driver instantiated
2019-06-02 13:52:37 INFO  DriverManager:23 - New driver instantiated
2019-06-02 13:52:37 INFO  DriverManager:23 - New driver instantiated
2019-06-02 13:52:48 INFO  FunctionalTest:22 - Web application launched
2019-06-02 13:52:48 INFO  DriverManager:23 - New driver instantiated
2019-06-02 13:52:48 INFO  Listener:23 - Teststarted running:chooseSomeImportantMessagesAndDeleteThem at:1559472768372
2019-06-02 13:52:48 INFO  DriverManager:23 - New driver instantiated
2019-06-02 13:52:48 INFO  DriverManager:23 - New driver instantiated
2019-06-02 13:52:48 INFO  FunctionalTest:22 - Web application launched
2019-06-02 13:52:48 INFO  DriverManager:23 - New driver instantiated
2019-06-02 13:52:48 INFO  Listener:23 - Teststarted running:chooseSomeImportantMessagesAndDeleteThem at:1559472768686
2019-06-02 13:52:48 INFO  DriverManager:23 - New driver instantiated
2019-06-02 13:52:48 INFO  DriverManager:23 - New driver instantiated
2019-06-02 13:52:48 INFO  DriverManager:23 - New driver instantiated
2019-06-02 13:52:48 INFO  DriverManager:23 - New driver instantiated
2019-06-02 13:52:48 INFO  DriverManager:23 - New driver instantiated
2019-06-02 13:52:48 INFO  DriverManager:23 - New driver instantiated
2019-06-02 13:52:49 INFO  DriverManager:23 - New driver instantiated
2019-06-02 13:52:49 INFO  DriverManager:23 - New driver instantiated
2019-06-02 13:52:49 INFO  DriverManager:23 - New driver instantiated
2019-06-02 13:52:49 INFO  DriverManager:23 - New driver instantiated
2019-06-02 13:52:49 INFO  AutorizationBO:11 - User enter emailtest3mailSelenium@gmail.com in the login text box
2019-06-02 13:52:49 INFO  AutorizationBO:11 - User enter emailtest2mailselenium@gmail.com in the login text box
2019-06-02 13:52:51 INFO  DriverManager:23 - New driver instantiated
2019-06-02 13:52:51 INFO  DriverManager:23 - New driver instantiated
2019-06-02 13:52:53 INFO  AutorizationBO:17 - Password enter passwordqwerty123QWERin the Password text box
2019-06-02 13:52:53 INFO  AutorizationBO:17 - Password enter passwordDriverManagerin the Password text box
2019-06-02 13:52:54 INFO  DriverManager:23 - New driver instantiated
2019-06-02 13:52:54 INFO  DriverManager:23 - New driver instantiated
2019-06-02 13:53:12 INFO  MarkAndDeleteImportantMessageBO:46 - 3 conversation marked as important
2019-06-02 13:53:12 INFO  DriverManager:23 - New driver instantiated
2019-06-02 13:53:12 INFO  MarkAndDeleteImportantMessageBO:46 - 3 conversation marked as important
2019-06-02 13:53:12 INFO  DriverManager:23 - New driver instantiated
2019-06-02 13:53:12 INFO  DriverManager:23 - New driver instantiated
2019-06-02 13:53:13 INFO  DriverManager:23 - New driver instantiated
2019-06-02 13:53:13 INFO  DriverManager:23 - New driver instantiated
2019-06-02 13:53:13 INFO  DriverManager:23 - New driver instantiated
2019-06-02 13:53:15 INFO  MarkAndDeleteImportantMessageBO:51 - Messages was choosen
2019-06-02 13:53:15 INFO  MarkAndDeleteImportantMessageBO:53 - Conversations are deleted
2019-06-02 13:53:15 INFO  DriverManager:23 - New driver instantiated
2019-06-02 13:53:15 INFO  DriverManager:23 - New driver instantiated
2019-06-02 13:53:15 INFO  MarkAndDeleteImportantMessageBO:51 - Messages was choosen
2019-06-02 13:53:15 INFO  Listener:29 - Result successchooseSomeImportantMessagesAndDeleteThem
2019-06-02 13:53:16 INFO  MarkAndDeleteImportantMessageBO:53 - Conversations are deleted
2019-06-02 13:53:16 INFO  DriverManager:23 - New driver instantiated
2019-06-02 13:53:16 INFO  DriverManager:23 - New driver instantiated
2019-06-02 13:53:16 INFO  Listener:29 - Result successchooseSomeImportantMessagesAndDeleteThem
2019-06-02 13:53:16 INFO  FunctionalTest:29 - Browser closed
2019-06-02 13:53:17 INFO  FunctionalTest:29 - Browser closed
2019-06-02 13:53:41 INFO  DriverManager:23 - New driver instantiated
2019-06-02 13:53:41 INFO  DriverManager:23 - New driver instantiated
2019-06-02 13:53:50 INFO  FunctionalTest:22 - Web application launched
2019-06-02 13:53:50 INFO  DriverManager:23 - New driver instantiated
2019-06-02 13:53:50 INFO  Listener:23 - Teststarted running:chooseSomeImportantMessagesAndDeleteThem at:1559472830505
2019-06-02 13:53:50 INFO  DriverManager:23 - New driver instantiated
2019-06-02 13:53:50 INFO  DriverManager:23 - New driver instantiated
2019-06-02 13:53:50 INFO  FunctionalTest:22 - Web application launched
2019-06-02 13:53:50 INFO  DriverManager:23 - New driver instantiated
2019-06-02 13:53:50 INFO  Listener:23 - Teststarted running:chooseSomeImportantMessagesAndDeleteThem at:1559472830654
2019-06-02 13:53:50 INFO  DriverManager:23 - New driver instantiated
2019-06-02 13:53:50 INFO  DriverManager:23 - New driver instantiated
2019-06-02 13:53:50 INFO  DriverManager:23 - New driver instantiated
2019-06-02 13:53:50 INFO  DriverManager:23 - New driver instantiated
2019-06-02 13:53:50 INFO  DriverManager:23 - New driver instantiated
2019-06-02 13:53:50 INFO  DriverManager:23 - New driver instantiated
2019-06-02 13:53:50 INFO  DriverManager:23 - New driver instantiated
2019-06-02 13:53:50 INFO  DriverManager:23 - New driver instantiated
2019-06-02 13:53:50 INFO  DriverManager:23 - New driver instantiated
2019-06-02 13:53:50 INFO  DriverManager:23 - New driver instantiated
2019-06-02 13:53:50 INFO  AutorizationBO:11 - User enter emailtest3mailSelenium@gmail.com in the login text box
2019-06-02 13:53:50 INFO  AutorizationBO:11 - User enter emailtest2mailselenium@gmail.com in the login text box
2019-06-02 13:53:52 INFO  DriverManager:23 - New driver instantiated
2019-06-02 13:53:52 INFO  DriverManager:23 - New driver instantiated
2019-06-02 13:53:53 INFO  AutorizationBO:17 - Password enter passwordDriverManagerin the Password text box
2019-06-02 13:53:53 INFO  AutorizationBO:17 - Password enter passwordqwerty123QWERin the Password text box
2019-06-02 13:53:53 INFO  DriverManager:23 - New driver instantiated
2019-06-02 13:53:53 INFO  DriverManager:23 - New driver instantiated
2019-06-02 13:54:26 INFO  MarkAndDeleteImportantMessageBO:46 - 3 conversation marked as important
2019-06-02 13:54:26 INFO  DriverManager:23 - New driver instantiated
2019-06-02 13:54:26 INFO  MarkAndDeleteImportantMessageBO:46 - 3 conversation marked as important
2019-06-02 13:54:26 INFO  DriverManager:23 - New driver instantiated
2019-06-02 13:54:27 INFO  DriverManager:23 - New driver instantiated
2019-06-02 13:54:27 INFO  DriverManager:23 - New driver instantiated
2019-06-02 13:54:28 INFO  DriverManager:23 - New driver instantiated
2019-06-02 13:54:28 INFO  DriverManager:23 - New driver instantiated
2019-06-02 13:54:29 INFO  FunctionalTest:29 - Browser closed
2019-06-02 13:55:02 INFO  DriverManager:23 - New driver instantiated
2019-06-02 13:55:02 INFO  DriverManager:23 - New driver instantiated
2019-06-02 13:55:07 INFO  DriverManager:23 - New driver instantiated
2019-06-02 15:18:27 INFO  DriverManager:23 - New driver instantiated
2019-06-02 15:18:35 INFO  FunctionalTest:22 - Web application launched
2019-06-02 15:18:35 INFO  DriverManager:23 - New driver instantiated
2019-06-02 15:18:35 INFO  Listener:23 - Teststarted running:chooseSomeImportantMessagesAndDeleteThem at:1559477915611
2019-06-02 15:18:35 INFO  DriverManager:23 - New driver instantiated
2019-06-02 15:18:35 INFO  DriverManager:23 - New driver instantiated
2019-06-02 15:18:35 INFO  DriverManager:23 - New driver instantiated
2019-06-02 15:18:35 INFO  DriverManager:23 - New driver instantiated
2019-06-02 15:18:35 INFO  DriverManager:23 - New driver instantiated
2019-06-02 15:18:35 INFO  DriverManager:23 - New driver instantiated
2019-06-02 15:18:35 INFO  AutorizationBO:11 - User enter emailtest3mailSelenium@gmail.com in the login text box
2019-06-02 15:18:36 INFO  DriverManager:23 - New driver instantiated
2019-06-02 15:18:37 INFO  AutorizationBO:17 - Password enter passwordDriverManagerin the Password text box
2019-06-02 15:18:38 INFO  DriverManager:23 - New driver instantiated
2019-06-02 15:18:45 INFO  MarkAndDeleteImportantMessageBO:46 - 3 conversation marked as important
2019-06-02 15:18:45 INFO  DriverManager:23 - New driver instantiated
2019-06-02 15:18:48 INFO  DriverManager:23 - New driver instantiated
2019-06-02 15:18:48 INFO  DriverManager:23 - New driver instantiated
2019-06-02 15:18:50 INFO  DriverManager:23 - New driver instantiated
2019-06-02 15:18:51 INFO  DriverManager:23 - New driver instantiated
2019-06-02 15:18:52 INFO  FunctionalTest:29 - Browser closed
2019-06-02 15:20:21 INFO  DriverManager:23 - New driver instantiated
2019-06-02 15:20:29 INFO  FunctionalTest:22 - Web application launched
2019-06-02 15:20:29 INFO  DriverManager:23 - New driver instantiated
2019-06-02 15:20:29 INFO  Listener:23 - Teststarted running:chooseSomeImportantMessagesAndDeleteThem at:1559478029145
2019-06-02 15:20:29 INFO  DriverManager:23 - New driver instantiated
2019-06-02 15:20:29 INFO  DriverManager:23 - New driver instantiated
2019-06-02 15:20:29 INFO  DriverManager:23 - New driver instantiated
2019-06-02 15:20:29 INFO  DriverManager:23 - New driver instantiated
2019-06-02 15:20:29 INFO  DriverManager:23 - New driver instantiated
2019-06-02 15:20:29 INFO  DriverManager:23 - New driver instantiated
2019-06-02 15:20:29 INFO  AutorizationBO:11 - User enter emailtest3mailSelenium@gmail.com in the login text box
2019-06-02 15:20:30 INFO  DriverManager:23 - New driver instantiated
2019-06-02 15:20:31 INFO  AutorizationBO:17 - Password enter passwordDriverManagerin the Password text box
2019-06-02 15:20:31 INFO  DriverManager:23 - New driver instantiated
2019-06-02 15:20:48 INFO  MarkAndDeleteImportantMessageBO:46 - 3 conversation marked as important
2019-06-02 15:20:48 INFO  DriverManager:23 - New driver instantiated
2019-06-02 15:43:20 INFO  DriverManager:23 - New driver instantiated
2019-06-02 15:43:27 INFO  FunctionalTest:22 - Web application launched
2019-06-02 15:43:27 INFO  DriverManager:23 - New driver instantiated
2019-06-02 15:43:27 INFO  Listener:23 - Teststarted running:chooseSomeImportantMessagesAndDeleteThem at:1559479407378
2019-06-02 15:43:27 INFO  DriverManager:23 - New driver instantiated
2019-06-02 15:43:27 INFO  DriverManager:23 - New driver instantiated
2019-06-02 15:43:27 INFO  DriverManager:23 - New driver instantiated
2019-06-02 15:43:27 INFO  DriverManager:23 - New driver instantiated
2019-06-02 15:43:27 INFO  DriverManager:23 - New driver instantiated
2019-06-02 15:43:27 INFO  DriverManager:23 - New driver instantiated
2019-06-02 15:43:27 INFO  AutorizationBO:11 - User enter emailtest3mailSelenium@gmail.com in the login text box
2019-06-02 15:43:28 INFO  DriverManager:23 - New driver instantiated
2019-06-02 15:43:29 INFO  AutorizationBO:17 - Password enter passwordDriverManagerin the Password text box
2019-06-02 15:43:29 INFO  DriverManager:23 - New driver instantiated
2019-06-02 15:43:59 INFO  MarkAndDeleteImportantMessageBO:46 - 3 conversation marked as important
2019-06-02 15:43:59 INFO  DriverManager:23 - New driver instantiated
2019-06-02 15:43:59 INFO  DriverManager:23 - New driver instantiated
2019-06-02 15:43:59 INFO  DriverManager:23 - New driver instantiated
2019-06-02 15:44:01 INFO  DriverManager:23 - New driver instantiated
2019-06-02 15:44:02 INFO  FunctionalTest:29 - Browser closed
2019-06-02 16:02:17 INFO  DriverManager:23 - New driver instantiated
2019-06-02 16:02:24 INFO  FunctionalTest:22 - Web application launched
2019-06-02 16:02:24 INFO  DriverManager:23 - New driver instantiated
2019-06-02 16:02:24 INFO  Listener:24 - Teststarted running:chooseSomeImportantMessagesAndDeleteThem at:1559480544481
2019-06-02 16:02:24 INFO  DriverManager:23 - New driver instantiated
2019-06-02 16:02:24 INFO  DriverManager:23 - New driver instantiated
2019-06-02 16:02:24 INFO  DriverManager:23 - New driver instantiated
2019-06-02 16:02:24 INFO  DriverManager:23 - New driver instantiated
2019-06-02 16:02:24 INFO  DriverManager:23 - New driver instantiated
2019-06-02 16:02:24 INFO  DriverManager:23 - New driver instantiated
2019-06-02 16:02:24 INFO  AutorizationBO:11 - User enter emailtest3mailSelenium@gmail.com in the login text box
2019-06-02 16:02:25 INFO  DriverManager:23 - New driver instantiated
2019-06-02 16:02:26 INFO  AutorizationBO:17 - Password enter passwordDriverManagerin the Password text box
2019-06-02 16:02:27 INFO  DriverManager:23 - New driver instantiated
2019-06-02 16:59:08 INFO  DriverManager:23 - New driver instantiated
2019-06-02 16:59:16 INFO  FunctionalTest:22 - Web application launched
2019-06-02 16:59:16 INFO  DriverManager:23 - New driver instantiated
2019-06-02 16:59:16 INFO  Listener:25 - Teststarted running:chooseSomeImportantMessagesAndDeleteThem at:1559483956521
2019-06-02 16:59:16 INFO  DriverManager:23 - New driver instantiated
2019-06-02 16:59:16 INFO  DriverManager:23 - New driver instantiated
2019-06-02 16:59:16 INFO  DriverManager:23 - New driver instantiated
2019-06-02 16:59:16 INFO  DriverManager:23 - New driver instantiated
2019-06-02 16:59:16 INFO  DriverManager:23 - New driver instantiated
2019-06-02 16:59:16 INFO  DriverManager:23 - New driver instantiated
2019-06-02 16:59:16 INFO  AutorizationBO:11 - User enter emailtest3mailSelenium@gmail.com in the login text box
2019-06-02 16:59:17 INFO  DriverManager:23 - New driver instantiated
2019-06-02 16:59:19 INFO  AutorizationBO:17 - Password enter passwordDriverManagerin the Password text box
2019-06-02 16:59:19 INFO  DriverManager:23 - New driver instantiated
2019-06-02 16:59:34 INFO  MarkAndDeleteImportantMessageBO:46 - 3 conversation marked as important
2019-06-02 16:59:34 INFO  DriverManager:23 - New driver instantiated
2019-06-02 17:00:54 ERROR GmailHomePage:96 - Test failed
2019-06-02 17:00:54 INFO  DriverManager:23 - New driver instantiated
2019-06-02 17:02:14 INFO  DriverManager:23 - New driver instantiated
2019-06-02 17:02:15 INFO  CustomLogger:26 - 2019-06-02 17.02.15screenshot.png
2019-06-02 17:02:16 INFO  FunctionalTest:29 - Browser closed
2019-06-02 19:46:27 INFO  FunctionalTest:22 - Web application launched
2019-06-02 19:46:27 INFO  Listener:25 - Teststarted running:chooseSomeImportantMessagesAndDeleteThem at:1559493987344
2019-06-02 19:46:27 INFO  Listener:25 - Teststarted running:chooseSomeImportantMessagesAndDeleteThem at:1559493987344
2019-06-02 19:46:27 INFO  AutorizationBO:11 - User enter emailtest3mailSelenium@gmail.com in the login text box
2019-06-02 19:46:28 INFO  AutorizationBO:17 - Password enter passwordDriverManagerin the Password text box
2019-06-02 19:46:41 INFO  MarkAndDeleteImportantMessageBO:46 - 3 conversation marked as important
2019-06-02 19:48:01 ERROR GmailHomePage:96 - Test failed
2019-06-02 19:48:25 INFO  FunctionalTest:29 - Browser closed
2019-06-02 20:24:57 INFO  FunctionalTest:22 - Web application launched
2019-06-02 20:24:58 INFO  Listener:25 - Teststarted running:chooseSomeImportantMessagesAndDeleteThem at:1559496297999
2019-06-02 20:24:58 INFO  AutorizationBO:11 - User enter emailtest3mailSelenium@gmail.com in the login text box
2019-06-02 20:25:00 INFO  AutorizationBO:17 - Password enter passwordDriverManagerin the Password text box
2019-06-02 20:25:16 INFO  MarkAndDeleteImportantMessageBO:46 - 3 conversation marked as important
2019-06-02 20:26:24 ERROR GmailHomePage:96 - Test failed
2019-06-02 20:26:28 INFO  FunctionalTest:29 - Browser closed
2019-06-02 20:28:30 INFO  FunctionalTest:22 - Web application launched
2019-06-02 20:28:30 INFO  Listener:25 - Teststarted running:chooseSomeImportantMessagesAndDeleteThem at:1559496510178
2019-06-02 20:28:30 INFO  AutorizationBO:11 - User enter emailtest3mailSelenium@gmail.com in the login text box
2019-06-02 20:28:32 INFO  AutorizationBO:17 - Password enter passwordDriverManagerin the Password text box
2019-06-02 20:28:49 INFO  MarkAndDeleteImportantMessageBO:46 - 3 conversation marked as important
2019-06-02 20:28:52 INFO  MarkAndDeleteImportantMessageBO:51 - Messages was choosen
2019-06-02 20:28:53 INFO  MarkAndDeleteImportantMessageBO:53 - Conversations are deleted
2019-06-02 20:28:53 INFO  Listener:31 - Result successchooseSomeImportantMessagesAndDeleteThem
2019-06-02 20:28:54 INFO  FunctionalTest:29 - Browser closed
2019-06-02 20:29:29 INFO  FunctionalTest:22 - Web application launched
2019-06-02 20:29:29 INFO  Listener:25 - Teststarted running:chooseSomeImportantMessagesAndDeleteThem at:1559496569659
2019-06-02 20:29:29 INFO  AutorizationBO:11 - User enter emailtest3mailSelenium@gmail.com in the login text box
2019-06-02 20:29:31 INFO  AutorizationBO:17 - Password enter passwordDriverManagerin the Password text box
2019-06-02 20:29:44 INFO  MarkAndDeleteImportantMessageBO:46 - 3 conversation marked as important
2019-06-02 20:30:07 INFO  FunctionalTest:29 - Browser closed
2019-06-02 20:58:53 INFO  FunctionalTest:22 - Web application launched
2019-06-02 20:58:53 INFO  Listener:25 - Teststarted running:chooseSomeImportantMessagesAndDeleteThem at:1559498333779
2019-06-02 20:58:53 INFO  AutorizationBO:11 - User enter emailtest3mailSelenium@gmail.com in the login text box
2019-06-02 20:58:56 INFO  AutorizationBO:17 - Password enter passwordDriverManagerin the Password text box
2019-06-02 20:59:08 INFO  MarkAndDeleteImportantMessageBO:46 - 3 conversation marked as important
2019-06-02 21:00:17 ERROR GmailHomePage:96 - Test failed
2019-06-02 21:00:21 INFO  FunctionalTest:29 - Browser closed
2019-06-02 21:04:17 INFO  FunctionalTest:22 - Web application launched
2019-06-02 21:04:17 INFO  Listener:25 - Teststarted running:chooseSomeImportantMessagesAndDeleteThem at:1559498657849
2019-06-02 21:04:17 INFO  AutorizationBO:11 - User enter emailtest3mailSelenium@gmail.com in the login text box
2019-06-02 21:04:20 INFO  AutorizationBO:17 - Password enter passwordDriverManagerin the Password text box
2019-06-02 21:04:33 INFO  MarkAndDeleteImportantMessageBO:46 - 3 conversation marked as important
2019-06-02 21:04:35 INFO  MarkAndDeleteImportantMessageBO:51 - Messages was choosen
2019-06-02 21:04:36 INFO  MarkAndDeleteImportantMessageBO:53 - Conversations are deleted
2019-06-02 21:04:36 INFO  Listener:31 - Result successchooseSomeImportantMessagesAndDeleteThem
2019-06-02 21:04:37 INFO  FunctionalTest:29 - Browser closed
2019-06-02 21:14:51 INFO  FunctionalTest:22 - Web application launched
2019-06-02 21:14:51 INFO  Listener:25 - Teststarted running:chooseSomeImportantMessagesAndDeleteThem at:1559499291492
2019-06-02 21:14:51 INFO  AutorizationBO:11 - User enter emailtest3mailSelenium@gmail.com in the login text box
2019-06-02 21:14:53 INFO  AutorizationBO:17 - Password enter passwordDriverManagerin the Password text box
2019-06-02 21:15:03 INFO  MarkAndDeleteImportantMessageBO:46 - 3 conversation marked as important
2019-06-02 21:15:26 INFO  FunctionalTest:29 - Browser closed
2019-06-02 21:15:36 INFO  Listener:25 - Teststarted running:chooseSomeImportantMessagesAndDeleteThem at:1559499336542
2019-06-02 21:17:14 INFO  FunctionalTest:22 - Web application launched
2019-06-02 21:17:14 INFO  Listener:25 - Teststarted running:chooseSomeImportantMessagesAndDeleteThem at:1559499434959
2019-06-02 21:17:15 INFO  AutorizationBO:11 - User enter emailtest3mailSelenium@gmail.com in the login text box
2019-06-02 21:17:16 INFO  AutorizationBO:17 - Password enter passwordDriverManagerin the Password text box
2019-06-02 21:17:28 INFO  MarkAndDeleteImportantMessageBO:46 - 3 conversation marked as important
2019-06-02 21:17:57 INFO  FunctionalTest:29 - Browser closed
2019-06-02 21:45:07 INFO  FunctionalTest:22 - Web application launched
2019-06-02 21:45:07 INFO  Listener:25 - Teststarted running:chooseSomeImportantMessagesAndDeleteThem at:1559501107474
2019-06-02 21:45:07 INFO  AutorizationBO:11 - User enter emailtest3mailSelenium@gmail.com in the login text box
2019-06-02 21:45:09 INFO  AutorizationBO:17 - Password enter passwordDriverManagerin the Password text box
2019-06-02 21:45:26 INFO  MarkAndDeleteImportantMessageBO:46 - 3 conversation marked as important
2019-06-02 21:45:30 INFO  FunctionalTest:29 - Browser closed
2019-06-02 21:49:06 INFO  FunctionalTest:22 - Web application launched
2019-06-02 21:49:06 INFO  Listener:25 - Teststarted running:chooseSomeImportantMessagesAndDeleteThem at:1559501346769
2019-06-02 21:49:06 INFO  AutorizationBO:11 - User enter emailtest3mailSelenium@gmail.com in the login text box
2019-06-02 21:56:46 INFO  FunctionalTest:22 - Web application launched
2019-06-02 21:56:46 INFO  Listener:25 - Teststarted running:chooseSomeImportantMessagesAndDeleteThem at:1559501806923
2019-06-02 21:56:46 INFO  AutorizationBO:11 - User enter emailtest3mailSelenium@gmail.com in the login text box
2019-06-02 21:56:48 INFO  AutorizationBO:17 - Password enter passwordDriverManagerin the Password text box
2019-06-02 21:56:55 INFO  MarkAndDeleteImportantMessageBO:46 - 3 conversation marked as important
2019-06-02 21:57:35 ERROR GmailHomePage:96 - Test failed
2019-06-02 21:57:38 INFO  MarkAndDeleteImportantMessageBO:51 - Messages was choosen
2019-06-02 21:57:39 INFO  MarkAndDeleteImportantMessageBO:53 - Conversations are deleted
2019-06-02 22:06:30 INFO  FunctionalTest:22 - Web application launched
2019-06-02 22:06:30 INFO  Listener:25 - Teststarted running:chooseSomeImportantMessagesAndDeleteThem at:1559502390827
2019-06-02 22:06:30 INFO  AutorizationBO:11 - User enter emailtest3mailSelenium@gmail.com in the login text box
2019-06-02 22:06:32 INFO  AutorizationBO:17 - Password enter passwordDriverManagerin the Password text box
2019-06-02 22:06:43 INFO  MarkAndDeleteImportantMessageBO:46 - 3 conversation marked as important
2019-06-02 22:06:46 INFO  MarkAndDeleteImportantMessageBO:51 - Messages was choosen
2019-06-02 22:06:46 INFO  MarkAndDeleteImportantMessageBO:53 - Conversations are deleted
2019-06-02 22:06:46 INFO  Listener:31 - Result successchooseSomeImportantMessagesAndDeleteThem
2019-06-02 22:06:48 INFO  FunctionalTest:29 - Browser closed
2019-06-02 22:10:29 INFO  FunctionalTest:22 - Web application launched
2019-06-02 22:10:29 INFO  Listener:25 - Teststarted running:chooseSomeImportantMessagesAndDeleteThem at:1559502629148
2019-06-02 22:10:29 INFO  AutorizationBO:11 - User enter emailtest3mailSelenium@gmail.com in the login text box
2019-06-02 22:10:30 INFO  AutorizationBO:17 - Password enter passwordDriverManagerin the Password text box
2019-06-02 22:10:40 INFO  MarkAndDeleteImportantMessageBO:46 - 3 conversation marked as important
2019-06-02 22:12:20 INFO  FunctionalTest:22 - Web application launched
2019-06-02 22:12:20 INFO  Listener:25 - Teststarted running:chooseSomeImportantMessagesAndDeleteThem at:1559502740942
2019-06-02 22:12:20 INFO  AutorizationBO:11 - User enter emailtest3mailSelenium@gmail.com in the login text box
2019-06-02 22:12:22 INFO  AutorizationBO:17 - Password enter passwordDriverManagerin the Password text box
2019-06-02 22:12:40 INFO  MarkAndDeleteImportantMessageBO:46 - 3 conversation marked as important
2019-06-02 22:14:00 ERROR GmailHomePage:96 - Test failed
2019-06-02 22:15:23 INFO  FunctionalTest:29 - Browser closed
2019-06-02 22:18:07 INFO  FunctionalTest:22 - Web application launched
2019-06-02 22:18:07 INFO  Listener:25 - Teststarted running:chooseSomeImportantMessagesAndDeleteThem at:1559503087477
2019-06-02 22:18:07 INFO  AutorizationBO:11 - User enter emailtest3mailSelenium@gmail.com in the login text box
2019-06-02 22:18:10 INFO  AutorizationBO:17 - Password enter passwordDriverManagerin the Password text box
2019-06-02 22:18:18 INFO  MarkAndDeleteImportantMessageBO:46 - 3 conversation marked as important
2019-06-02 22:18:26 INFO  FunctionalTest:29 - Browser closed
2019-06-02 22:24:01 INFO  FunctionalTest:22 - Web application launched
2019-06-02 22:24:01 INFO  Listener:25 - Teststarted running:chooseSomeImportantMessagesAndDeleteThem at:1559503441733
2019-06-02 22:24:01 INFO  AutorizationBO:11 - User enter emailtest3mailSelenium@gmail.com in the login text box
2019-06-02 22:24:04 INFO  AutorizationBO:17 - Password enter passwordDriverManagerin the Password text box
2019-06-02 22:24:22 INFO  MarkAndDeleteImportantMessageBO:46 - 3 conversation marked as important
2019-06-02 22:24:25 INFO  MarkAndDeleteImportantMessageBO:51 - Messages was choosen
2019-06-02 22:24:25 INFO  MarkAndDeleteImportantMessageBO:53 - Conversations are deleted
2019-06-02 22:24:25 INFO  Listener:31 - Result successchooseSomeImportantMessagesAndDeleteThem
2019-06-02 22:24:27 INFO  FunctionalTest:29 - Browser closed
2019-06-02 22:25:43 INFO  FunctionalTest:22 - Web application launched
2019-06-02 22:25:43 INFO  Listener:25 - Teststarted running:chooseSomeImportantMessagesAndDeleteThem at:1559503543246
2019-06-02 22:25:43 INFO  AutorizationBO:11 - User enter emailtest3mailSelenium@gmail.com in the login text box
2019-06-02 22:25:45 INFO  AutorizationBO:17 - Password enter passwordDriverManagerin the Password text box
2019-06-02 22:26:01 INFO  MarkAndDeleteImportantMessageBO:46 - 3 conversation marked as important
2019-06-02 22:26:20 INFO  FunctionalTest:29 - Browser closed
2019-06-02 22:27:17 INFO  FunctionalTest:22 - Web application launched
2019-06-02 22:27:17 INFO  Listener:25 - Teststarted running:chooseSomeImportantMessagesAndDeleteThem at:1559503637390
2019-06-02 22:27:17 INFO  AutorizationBO:11 - User enter emailtest3mailSelenium@gmail.com in the login text box
2019-06-02 22:27:19 INFO  AutorizationBO:17 - Password enter passwordDriverManagerin the Password text box
2019-06-02 22:27:39 INFO  MarkAndDeleteImportantMessageBO:46 - 3 conversation marked as important
2019-06-02 22:27:45 INFO  FunctionalTest:29 - Browser closed
2019-06-02 22:30:02 INFO  FunctionalTest:22 - Web application launched
2019-06-02 22:30:02 INFO  Listener:25 - Teststarted running:chooseSomeImportantMessagesAndDeleteThem at:1559503802990
2019-06-02 22:30:03 INFO  AutorizationBO:11 - User enter emailtest3mailSelenium@gmail.com in the login text box
2019-06-02 22:30:05 INFO  AutorizationBO:17 - Password enter passwordDriverManagerin the Password text box
2019-06-02 22:30:23 INFO  MarkAndDeleteImportantMessageBO:46 - 3 conversation marked as important
2019-06-02 22:30:50 INFO  FunctionalTest:29 - Browser closed
